Analysis & Synthesis report for lab6q
Sun Dec 15 15:14:59 2019
Quartus II 64-Bit Version 12.1 Build 243 01/31/2013 Service Pack 1 SJ Web Edition


---------------------
; Table of Contents ;
---------------------
  1. Legal Notice
  2. Analysis & Synthesis Summary
  3. Analysis & Synthesis Settings
  4. Parallel Compilation
  5. Analysis & Synthesis Source Files Read
  6. Analysis & Synthesis Resource Usage Summary
  7. Analysis & Synthesis Resource Utilization by Entity
  8. Analysis & Synthesis IP Cores Summary
  9. State Machine - |lab6q|CONTR_AUTO:controller|current_state
 10. Registers Removed During Synthesis
 11. General Register Statistics
 12. Parameter Settings for User Entity Instance: Top-level Entity: |lab6q
 13. Parameter Settings for User Entity Instance: BIT_COUNTER:current_bit_counter|lpm_counter:LPM_COUNTER_component
 14. Parameter Settings for User Entity Instance: BIT_COUNTER:fall_edge_counter|lpm_counter:LPM_COUNTER_component
 15. Parameter Settings for User Entity Instance: BIT_MUX:current_bit_multiplexer|lpm_mux:LPM_MUX_component
 16. Parameter Settings for User Entity Instance: CONTR_AUTO:controller
 17. Elapsed Time Per Partition
 18. Analysis & Synthesis Messages



----------------
; Legal Notice ;
----------------
Copyright (C) 1991-2012 Altera Corporation
Your use of Altera Corporation's design tools, logic functions 
and other software and tools, and its AMPP partner logic 
functions, and any output files from any of the foregoing 
(including device programming or simulation files), and any 
associated documentation or information are expressly subject 
to the terms and conditions of the Altera Program License 
Subscription Agreement, Altera MegaCore Function License 
Agreement, or other applicable license agreement, including, 
without limitation, that your use is for the sole purpose of 
programming logic devices manufactured by Altera and sold by 
Altera or its authorized distributors.  Please refer to the 
applicable agreement for further details.



+------------------------------------------------------------------------------------+
; Analysis & Synthesis Summary                                                       ;
+------------------------------------+-----------------------------------------------+
; Analysis & Synthesis Status        ; Successful - Sun Dec 15 15:14:59 2019         ;
; Quartus II 64-Bit Version          ; 12.1 Build 243 01/31/2013 SP 1 SJ Web Edition ;
; Revision Name                      ; lab6q                                         ;
; Top-level Entity Name              ; lab6q                                         ;
; Family                             ; Cyclone III                                   ;
; Total logic elements               ; 35                                            ;
;     Total combinational functions  ; 34                                            ;
;     Dedicated logic registers      ; 15                                            ;
; Total registers                    ; 15                                            ;
; Total pins                         ; 23                                            ;
; Total virtual pins                 ; 0                                             ;
; Total memory bits                  ; 0                                             ;
; Embedded Multiplier 9-bit elements ; 0                                             ;
; Total PLLs                         ; 0                                             ;
+------------------------------------+-----------------------------------------------+


+----------------------------------------------------------------------------------------------------------------------+
; Analysis & Synthesis Settings                                                                                        ;
+----------------------------------------------------------------------------+--------------------+--------------------+
; Option                                                                     ; Setting            ; Default Value      ;
+----------------------------------------------------------------------------+--------------------+--------------------+
; Device                                                                     ; EP3C16F484C6       ;                    ;
; Top-level entity name                                                      ; lab6q              ; lab6q              ;
; Family name                                                                ; Cyclone III        ; Cyclone IV GX      ;
; Use smart compilation                                                      ; Off                ; Off                ;
; Enable parallel Assembler and TimeQuest Timing Analyzer during compilation ; On                 ; On                 ;
; Enable compact report table                                                ; Off                ; Off                ;
; Restructure Multiplexers                                                   ; Auto               ; Auto               ;
; Create Debugging Nodes for IP Cores                                        ; Off                ; Off                ;
; Preserve fewer node names                                                  ; On                 ; On                 ;
; Disable OpenCore Plus hardware evaluation                                  ; Off                ; Off                ;
; Verilog Version                                                            ; Verilog_2001       ; Verilog_2001       ;
; VHDL Version                                                               ; VHDL_1993          ; VHDL_1993          ;
; State Machine Processing                                                   ; Auto               ; Auto               ;
; Safe State Machine                                                         ; Off                ; Off                ;
; Extract Verilog State Machines                                             ; On                 ; On                 ;
; Extract VHDL State Machines                                                ; On                 ; On                 ;
; Ignore Verilog initial constructs                                          ; Off                ; Off                ;
; Iteration limit for constant Verilog loops                                 ; 5000               ; 5000               ;
; Iteration limit for non-constant Verilog loops                             ; 250                ; 250                ;
; Add Pass-Through Logic to Inferred RAMs                                    ; On                 ; On                 ;
; Infer RAMs from Raw Logic                                                  ; On                 ; On                 ;
; Parallel Synthesis                                                         ; On                 ; On                 ;
; DSP Block Balancing                                                        ; Auto               ; Auto               ;
; NOT Gate Push-Back                                                         ; On                 ; On                 ;
; Power-Up Don't Care                                                        ; On                 ; On                 ;
; Remove Redundant Logic Cells                                               ; Off                ; Off                ;
; Remove Duplicate Registers                                                 ; On                 ; On                 ;
; Ignore CARRY Buffers                                                       ; Off                ; Off                ;
; Ignore CASCADE Buffers                                                     ; Off                ; Off                ;
; Ignore GLOBAL Buffers                                                      ; Off                ; Off                ;
; Ignore ROW GLOBAL Buffers                                                  ; Off                ; Off                ;
; Ignore LCELL Buffers                                                       ; Off                ; Off                ;
; Ignore SOFT Buffers                                                        ; On                 ; On                 ;
; Limit AHDL Integers to 32 Bits                                             ; Off                ; Off                ;
; Optimization Technique                                                     ; Balanced           ; Balanced           ;
; Carry Chain Length                                                         ; 70                 ; 70                 ;
; Auto Carry Chains                                                          ; On                 ; On                 ;
; Auto Open-Drain Pins                                                       ; On                 ; On                 ;
; Perform WYSIWYG Primitive Resynthesis                                      ; Off                ; Off                ;
; Auto ROM Replacement                                                       ; On                 ; On                 ;
; Auto RAM Replacement                                                       ; On                 ; On                 ;
; Auto DSP Block Replacement                                                 ; On                 ; On                 ;
; Auto Shift Register Replacement                                            ; Auto               ; Auto               ;
; Allow Shift Register Merging across Hierarchies                            ; Auto               ; Auto               ;
; Auto Clock Enable Replacement                                              ; On                 ; On                 ;
; Strict RAM Replacement                                                     ; Off                ; Off                ;
; Allow Synchronous Control Signals                                          ; On                 ; On                 ;
; Force Use of Synchronous Clear Signals                                     ; Off                ; Off                ;
; Auto RAM Block Balancing                                                   ; On                 ; On                 ;
; Auto RAM to Logic Cell Conversion                                          ; Off                ; Off                ;
; Auto Resource Sharing                                                      ; Off                ; Off                ;
; Allow Any RAM Size For Recognition                                         ; Off                ; Off                ;
; Allow Any ROM Size For Recognition                                         ; Off                ; Off                ;
; Allow Any Shift Register Size For Recognition                              ; Off                ; Off                ;
; Use LogicLock Constraints during Resource Balancing                        ; On                 ; On                 ;
; Ignore translate_off and synthesis_off directives                          ; Off                ; Off                ;
; Timing-Driven Synthesis                                                    ; On                 ; On                 ;
; Report Parameter Settings                                                  ; On                 ; On                 ;
; Report Source Assignments                                                  ; On                 ; On                 ;
; Report Connectivity Checks                                                 ; On                 ; On                 ;
; Ignore Maximum Fan-Out Assignments                                         ; Off                ; Off                ;
; Synchronization Register Chain Length                                      ; 2                  ; 2                  ;
; PowerPlay Power Optimization                                               ; Normal compilation ; Normal compilation ;
; HDL message level                                                          ; Level2             ; Level2             ;
; Suppress Register Optimization Related Messages                            ; Off                ; Off                ;
; Number of Removed Registers Reported in Synthesis Report                   ; 5000               ; 5000               ;
; Number of Swept Nodes Reported in Synthesis Report                         ; 5000               ; 5000               ;
; Number of Inverted Registers Reported in Synthesis Report                  ; 100                ; 100                ;
; Clock MUX Protection                                                       ; On                 ; On                 ;
; Auto Gated Clock Conversion                                                ; Off                ; Off                ;
; Block Design Naming                                                        ; Auto               ; Auto               ;
; SDC constraint protection                                                  ; Off                ; Off                ;
; Synthesis Effort                                                           ; Auto               ; Auto               ;
; Shift Register Replacement - Allow Asynchronous Clear Signal               ; On                 ; On                 ;
; Pre-Mapping Resynthesis Optimization                                       ; Off                ; Off                ;
; Analysis & Synthesis Message Level                                         ; Medium             ; Medium             ;
; Disable Register Merging Across Hierarchies                                ; Auto               ; Auto               ;
; Resource Aware Inference For Block RAM                                     ; On                 ; On                 ;
; Synthesis Seed                                                             ; 1                  ; 1                  ;
+----------------------------------------------------------------------------+--------------------+--------------------+


Parallel compilation was disabled, but you have multiple processors available. Enable parallel compilation to reduce compilation time.
+-------------------------------------+
; Parallel Compilation                ;
+----------------------------+--------+
; Processors                 ; Number ;
+----------------------------+--------+
; Number detected on machine ; 8      ;
; Maximum allowed            ; 1      ;
+----------------------------+--------+


+-----------------------------------------------------------------------------------------------------------------------------------------------------------------------------------+
; Analysis & Synthesis Source Files Read                                                                                                                                            ;
+--------------------------------------------+-----------------+------------------------------+---------------------------------------------------------------------------+---------+
; File Name with User-Entered Path           ; Used in Netlist ; File Type                    ; File Name with Absolute Path                                              ; Library ;
+--------------------------------------------+-----------------+------------------------------+---------------------------------------------------------------------------+---------+
; ../lab6/lab6/lab6_lib/hdl/conv_tbl.v       ; yes             ; User Verilog HDL File        ; E:/study/Labs/Components/lab6/lab6/lab6_lib/hdl/conv_tbl.v                ;         ;
; ../lab6/lab6/lab6_lib/hdl/contr_auto_fsm.v ; yes             ; User Verilog HDL File        ; E:/study/Labs/Components/lab6/lab6/lab6_lib/hdl/contr_auto_fsm.v          ;         ;
; lab6q.v                                    ; yes             ; User Verilog HDL File        ; E:/study/Labs/Components/lab6q/lab6q.v                                    ;         ;
; BIT_COUNTER.v                              ; yes             ; User Wizard-Generated File   ; E:/study/Labs/Components/lab6q/BIT_COUNTER.v                              ;         ;
; BIT_MUX.v                                  ; yes             ; User Wizard-Generated File   ; E:/study/Labs/Components/lab6q/BIT_MUX.v                                  ;         ;
; lpm_counter.tdf                            ; yes             ; Megafunction                 ; c:/altera/12.1sp1/quartus/libraries/megafunctions/lpm_counter.tdf         ;         ;
; lpm_constant.inc                           ; yes             ; Megafunction                 ; c:/altera/12.1sp1/quartus/libraries/megafunctions/lpm_constant.inc        ;         ;
; lpm_decode.inc                             ; yes             ; Megafunction                 ; c:/altera/12.1sp1/quartus/libraries/megafunctions/lpm_decode.inc          ;         ;
; lpm_add_sub.inc                            ; yes             ; Megafunction                 ; c:/altera/12.1sp1/quartus/libraries/megafunctions/lpm_add_sub.inc         ;         ;
; cmpconst.inc                               ; yes             ; Megafunction                 ; c:/altera/12.1sp1/quartus/libraries/megafunctions/cmpconst.inc            ;         ;
; lpm_compare.inc                            ; yes             ; Megafunction                 ; c:/altera/12.1sp1/quartus/libraries/megafunctions/lpm_compare.inc         ;         ;
; lpm_counter.inc                            ; yes             ; Megafunction                 ; c:/altera/12.1sp1/quartus/libraries/megafunctions/lpm_counter.inc         ;         ;
; dffeea.inc                                 ; yes             ; Megafunction                 ; c:/altera/12.1sp1/quartus/libraries/megafunctions/dffeea.inc              ;         ;
; alt_counter_stratix.inc                    ; yes             ; Megafunction                 ; c:/altera/12.1sp1/quartus/libraries/megafunctions/alt_counter_stratix.inc ;         ;
; aglobal121.inc                             ; yes             ; Megafunction                 ; c:/altera/12.1sp1/quartus/libraries/megafunctions/aglobal121.inc          ;         ;
; db/cntr_cri.tdf                            ; yes             ; Auto-Generated Megafunction  ; E:/study/Labs/Components/lab6q/db/cntr_cri.tdf                            ;         ;
; lpm_mux.tdf                                ; yes             ; Megafunction                 ; c:/altera/12.1sp1/quartus/libraries/megafunctions/lpm_mux.tdf             ;         ;
; muxlut.inc                                 ; yes             ; Megafunction                 ; c:/altera/12.1sp1/quartus/libraries/megafunctions/muxlut.inc              ;         ;
; bypassff.inc                               ; yes             ; Megafunction                 ; c:/altera/12.1sp1/quartus/libraries/megafunctions/bypassff.inc            ;         ;
; altshift.inc                               ; yes             ; Megafunction                 ; c:/altera/12.1sp1/quartus/libraries/megafunctions/altshift.inc            ;         ;
; db/mux_grc.tdf                             ; yes             ; Auto-Generated Megafunction  ; E:/study/Labs/Components/lab6q/db/mux_grc.tdf                             ;         ;
+--------------------------------------------+-----------------+------------------------------+---------------------------------------------------------------------------+---------+


+-----------------------------------------------------+
; Analysis & Synthesis Resource Usage Summary         ;
+---------------------------------------------+-------+
; Resource                                    ; Usage ;
+---------------------------------------------+-------+
; Estimated Total logic elements              ; 35    ;
;                                             ;       ;
; Total combinational functions               ; 34    ;
; Logic element usage by number of LUT inputs ;       ;
;     -- 4 input functions                    ; 18    ;
;     -- 3 input functions                    ; 5     ;
;     -- <=2 input functions                  ; 11    ;
;                                             ;       ;
; Logic elements by mode                      ;       ;
;     -- normal mode                          ; 28    ;
;     -- arithmetic mode                      ; 6     ;
;                                             ;       ;
; Total registers                             ; 15    ;
;     -- Dedicated logic registers            ; 15    ;
;     -- I/O registers                        ; 0     ;
;                                             ;       ;
; I/O pins                                    ; 23    ;
; Embedded Multiplier 9-bit elements          ; 0     ;
; Maximum fan-out                             ; 15    ;
; Total fan-out                               ; 197   ;
; Average fan-out                             ; 2.07  ;
+---------------------------------------------+-------+


+-------------------------------------------------------------------------------------------------------------------------------------------------------------------------------------------------------------------------------------------------------------------------+
; Analysis & Synthesis Resource Utilization by Entity                                                                                                                                                                                                                     ;
+-------------------------------------------+-------------------+--------------+-------------+--------------+---------+-----------+------+--------------+--------------------------------------------------------------------------------------------------+--------------+
; Compilation Hierarchy Node                ; LC Combinationals ; LC Registers ; Memory Bits ; DSP Elements ; DSP 9x9 ; DSP 18x18 ; Pins ; Virtual Pins ; Full Hierarchy Name                                                                              ; Library Name ;
+-------------------------------------------+-------------------+--------------+-------------+--------------+---------+-----------+------+--------------+--------------------------------------------------------------------------------------------------+--------------+
; |lab6q                                    ; 34 (3)            ; 15 (1)       ; 0           ; 0            ; 0       ; 0         ; 23   ; 0            ; |lab6q                                                                                           ;              ;
;    |BIT_COUNTER:current_bit_counter|      ; 5 (0)             ; 4 (0)        ; 0           ; 0            ; 0       ; 0         ; 0    ; 0            ; |lab6q|BIT_COUNTER:current_bit_counter                                                           ;              ;
;       |lpm_counter:LPM_COUNTER_component| ; 5 (0)             ; 4 (0)        ; 0           ; 0            ; 0       ; 0         ; 0    ; 0            ; |lab6q|BIT_COUNTER:current_bit_counter|lpm_counter:LPM_COUNTER_component                         ;              ;
;          |cntr_cri:auto_generated|        ; 5 (5)             ; 4 (4)        ; 0           ; 0            ; 0       ; 0         ; 0    ; 0            ; |lab6q|BIT_COUNTER:current_bit_counter|lpm_counter:LPM_COUNTER_component|cntr_cri:auto_generated ;              ;
;    |BIT_COUNTER:fall_edge_counter|        ; 5 (0)             ; 4 (0)        ; 0           ; 0            ; 0       ; 0         ; 0    ; 0            ; |lab6q|BIT_COUNTER:fall_edge_counter                                                             ;              ;
;       |lpm_counter:LPM_COUNTER_component| ; 5 (0)             ; 4 (0)        ; 0           ; 0            ; 0       ; 0         ; 0    ; 0            ; |lab6q|BIT_COUNTER:fall_edge_counter|lpm_counter:LPM_COUNTER_component                           ;              ;
;          |cntr_cri:auto_generated|        ; 5 (5)             ; 4 (4)        ; 0           ; 0            ; 0       ; 0         ; 0    ; 0            ; |lab6q|BIT_COUNTER:fall_edge_counter|lpm_counter:LPM_COUNTER_component|cntr_cri:auto_generated   ;              ;
;    |BIT_MUX:current_bit_multiplexer|      ; 8 (0)             ; 0 (0)        ; 0           ; 0            ; 0       ; 0         ; 0    ; 0            ; |lab6q|BIT_MUX:current_bit_multiplexer                                                           ;              ;
;       |lpm_mux:LPM_MUX_component|         ; 8 (0)             ; 0 (0)        ; 0           ; 0            ; 0       ; 0         ; 0    ; 0            ; |lab6q|BIT_MUX:current_bit_multiplexer|lpm_mux:LPM_MUX_component                                 ;              ;
;          |mux_grc:auto_generated|         ; 8 (8)             ; 0 (0)        ; 0           ; 0            ; 0       ; 0         ; 0    ; 0            ; |lab6q|BIT_MUX:current_bit_multiplexer|lpm_mux:LPM_MUX_component|mux_grc:auto_generated          ;              ;
;    |CONTR_AUTO:controller|                ; 6 (6)             ; 6 (6)        ; 0           ; 0            ; 0       ; 0         ; 0    ; 0            ; |lab6q|CONTR_AUTO:controller                                                                     ;              ;
;    |CONV:converter|                       ; 7 (7)             ; 0 (0)        ; 0           ; 0            ; 0       ; 0         ; 0    ; 0            ; |lab6q|CONV:converter                                                                            ;              ;
+-------------------------------------------+-------------------+--------------+-------------+--------------+---------+-----------+------+--------------+--------------------------------------------------------------------------------------------------+--------------+
Note: For table entries with two numbers listed, the numbers in parentheses indicate the number of resources of the given type used by the specific entity alone. The numbers listed outside of parentheses indicate the total resources of the given type used by the specific entity and all of its sub-entities in the hierarchy.


+-------------------------------------------------------------------------------------------------------------------------------------------------------+
; Analysis & Synthesis IP Cores Summary                                                                                                                 ;
+--------+--------------+---------+--------------+--------------+----------------------------------------+----------------------------------------------+
; Vendor ; IP Core Name ; Version ; Release Date ; License Type ; Entity Instance                        ; IP Include File                              ;
+--------+--------------+---------+--------------+--------------+----------------------------------------+----------------------------------------------+
; Altera ; LPM_COUNTER  ; 12.1    ; N/A          ; N/A          ; |lab6q|BIT_COUNTER:current_bit_counter ; E:/study/Labs/Components/lab6q/BIT_COUNTER.v ;
; Altera ; LPM_MUX      ; 12.1    ; N/A          ; N/A          ; |lab6q|BIT_MUX:current_bit_multiplexer ; E:/study/Labs/Components/lab6q/BIT_MUX.v     ;
; Altera ; LPM_COUNTER  ; 12.1    ; N/A          ; N/A          ; |lab6q|BIT_COUNTER:fall_edge_counter   ; E:/study/Labs/Components/lab6q/BIT_COUNTER.v ;
+--------+--------------+---------+--------------+--------------+----------------------------------------+----------------------------------------------+


Encoding Type:  One-Hot
+----------------------------------------------------------------------------------------------+
; State Machine - |lab6q|CONTR_AUTO:controller|current_state                                   ;
+------------------+------------------+------------------+------------------+------------------+
; Name             ; current_state.s3 ; current_state.s2 ; current_state.s1 ; current_state.s0 ;
+------------------+------------------+------------------+------------------+------------------+
; current_state.s0 ; 0                ; 0                ; 0                ; 0                ;
; current_state.s1 ; 0                ; 0                ; 1                ; 1                ;
; current_state.s2 ; 0                ; 1                ; 0                ; 1                ;
; current_state.s3 ; 1                ; 0                ; 0                ; 1                ;
+------------------+------------------+------------------+------------------+------------------+


+-----------------------------------------------------------------------------------+
; Registers Removed During Synthesis                                                ;
+----------------------------------------+------------------------------------------+
; Register name                          ; Reason for Removal                       ;
+----------------------------------------+------------------------------------------+
; CONTR_AUTO:controller|current_state~4  ; Lost fanout                              ;
; CONTR_AUTO:controller|current_state~5  ; Lost fanout                              ;
; CONTR_AUTO:controller|current_state.s2 ; Merged with CONTR_AUTO:controller|Enable ;
; Total Number of Removed Registers = 3  ;                                          ;
+----------------------------------------+------------------------------------------+


+------------------------------------------------------+
; General Register Statistics                          ;
+----------------------------------------------+-------+
; Statistic                                    ; Value ;
+----------------------------------------------+-------+
; Total registers                              ; 15    ;
; Number of registers using Synchronous Clear  ; 0     ;
; Number of registers using Synchronous Load   ; 8     ;
; Number of registers using Asynchronous Clear ; 6     ;
; Number of registers using Asynchronous Load  ; 0     ;
; Number of registers using Clock Enable       ; 8     ;
; Number of registers using Preset             ; 0     ;
+----------------------------------------------+-------+


+-----------------------------------------------------------------------+
; Parameter Settings for User Entity Instance: Top-level Entity: |lab6q ;
+----------------+-------+----------------------------------------------+
; Parameter Name ; Value ; Type                                         ;
+----------------+-------+----------------------------------------------+
; n              ; 10    ; Signed Integer                               ;
+----------------+-------+----------------------------------------------+
Note: In order to hide this table in the UI and the text report file, please set the "Show Parameter Settings in Synthesis Report" option in "Analysis and Synthesis Settings -> More Settings" to "Off".


+----------------------------------------------------------------------------------------------------------------+
; Parameter Settings for User Entity Instance: BIT_COUNTER:current_bit_counter|lpm_counter:LPM_COUNTER_component ;
+------------------------+-------------+-------------------------------------------------------------------------+
; Parameter Name         ; Value       ; Type                                                                    ;
+------------------------+-------------+-------------------------------------------------------------------------+
; AUTO_CARRY_CHAINS      ; ON          ; AUTO_CARRY                                                              ;
; IGNORE_CARRY_BUFFERS   ; OFF         ; IGNORE_CARRY                                                            ;
; AUTO_CASCADE_CHAINS    ; ON          ; AUTO_CASCADE                                                            ;
; IGNORE_CASCADE_BUFFERS ; OFF         ; IGNORE_CASCADE                                                          ;
; LPM_WIDTH              ; 4           ; Signed Integer                                                          ;
; LPM_DIRECTION          ; UP          ; Untyped                                                                 ;
; LPM_MODULUS            ; 0           ; Untyped                                                                 ;
; LPM_AVALUE             ; UNUSED      ; Untyped                                                                 ;
; LPM_SVALUE             ; UNUSED      ; Untyped                                                                 ;
; LPM_PORT_UPDOWN        ; PORT_UNUSED ; Untyped                                                                 ;
; DEVICE_FAMILY          ; Cyclone III ; Untyped                                                                 ;
; CARRY_CHAIN            ; MANUAL      ; Untyped                                                                 ;
; CARRY_CHAIN_LENGTH     ; 48          ; CARRY_CHAIN_LENGTH                                                      ;
; NOT_GATE_PUSH_BACK     ; ON          ; NOT_GATE_PUSH_BACK                                                      ;
; CARRY_CNT_EN           ; SMART       ; Untyped                                                                 ;
; LABWIDE_SCLR           ; ON          ; Untyped                                                                 ;
; USE_NEW_VERSION        ; TRUE        ; Untyped                                                                 ;
; CBXI_PARAMETER         ; cntr_cri    ; Untyped                                                                 ;
+------------------------+-------------+-------------------------------------------------------------------------+
Note: In order to hide this table in the UI and the text report file, please set the "Show Parameter Settings in Synthesis Report" option in "Analysis and Synthesis Settings -> More Settings" to "Off".


+--------------------------------------------------------------------------------------------------------------+
; Parameter Settings for User Entity Instance: BIT_COUNTER:fall_edge_counter|lpm_counter:LPM_COUNTER_component ;
+------------------------+-------------+-----------------------------------------------------------------------+
; Parameter Name         ; Value       ; Type                                                                  ;
+------------------------+-------------+-----------------------------------------------------------------------+
; AUTO_CARRY_CHAINS      ; ON          ; AUTO_CARRY                                                            ;
; IGNORE_CARRY_BUFFERS   ; OFF         ; IGNORE_CARRY                                                          ;
; AUTO_CASCADE_CHAINS    ; ON          ; AUTO_CASCADE                                                          ;
; IGNORE_CASCADE_BUFFERS ; OFF         ; IGNORE_CASCADE                                                        ;
; LPM_WIDTH              ; 4           ; Signed Integer                                                        ;
; LPM_DIRECTION          ; UP          ; Untyped                                                               ;
; LPM_MODULUS            ; 0           ; Untyped                                                               ;
; LPM_AVALUE             ; UNUSED      ; Untyped                                                               ;
; LPM_SVALUE             ; UNUSED      ; Untyped                                                               ;
; LPM_PORT_UPDOWN        ; PORT_UNUSED ; Untyped                                                               ;
; DEVICE_FAMILY          ; Cyclone III ; Untyped                                                               ;
; CARRY_CHAIN            ; MANUAL      ; Untyped                                                               ;
; CARRY_CHAIN_LENGTH     ; 48          ; CARRY_CHAIN_LENGTH                                                    ;
; NOT_GATE_PUSH_BACK     ; ON          ; NOT_GATE_PUSH_BACK                                                    ;
; CARRY_CNT_EN           ; SMART       ; Untyped                                                               ;
; LABWIDE_SCLR           ; ON          ; Untyped                                                               ;
; USE_NEW_VERSION        ; TRUE        ; Untyped                                                               ;
; CBXI_PARAMETER         ; cntr_cri    ; Untyped                                                               ;
+------------------------+-------------+-----------------------------------------------------------------------+
Note: In order to hide this table in the UI and the text report file, please set the "Show Parameter Settings in Synthesis Report" option in "Analysis and Synthesis Settings -> More Settings" to "Off".


+--------------------------------------------------------------------------------------------------------+
; Parameter Settings for User Entity Instance: BIT_MUX:current_bit_multiplexer|lpm_mux:LPM_MUX_component ;
+------------------------+-------------+-----------------------------------------------------------------+
; Parameter Name         ; Value       ; Type                                                            ;
+------------------------+-------------+-----------------------------------------------------------------+
; AUTO_CARRY_CHAINS      ; ON          ; AUTO_CARRY                                                      ;
; IGNORE_CARRY_BUFFERS   ; OFF         ; IGNORE_CARRY                                                    ;
; AUTO_CASCADE_CHAINS    ; ON          ; AUTO_CASCADE                                                    ;
; IGNORE_CASCADE_BUFFERS ; OFF         ; IGNORE_CASCADE                                                  ;
; LPM_WIDTH              ; 1           ; Signed Integer                                                  ;
; LPM_SIZE               ; 10          ; Signed Integer                                                  ;
; LPM_WIDTHS             ; 4           ; Signed Integer                                                  ;
; LPM_PIPELINE           ; 0           ; Untyped                                                         ;
; CBXI_PARAMETER         ; mux_grc     ; Untyped                                                         ;
; DEVICE_FAMILY          ; Cyclone III ; Untyped                                                         ;
+------------------------+-------------+-----------------------------------------------------------------+
Note: In order to hide this table in the UI and the text report file, please set the "Show Parameter Settings in Synthesis Report" option in "Analysis and Synthesis Settings -> More Settings" to "Off".


+--------------------------------------------------------------------+
; Parameter Settings for User Entity Instance: CONTR_AUTO:controller ;
+----------------+-------+-------------------------------------------+
; Parameter Name ; Value ; Type                                      ;
+----------------+-------+-------------------------------------------+
; s0             ; 00    ; Unsigned Binary                           ;
; s1             ; 01    ; Unsigned Binary                           ;
; s2             ; 10    ; Unsigned Binary                           ;
; s3             ; 11    ; Unsigned Binary                           ;
+----------------+-------+-------------------------------------------+
Note: In order to hide this table in the UI and the text report file, please set the "Show Parameter Settings in Synthesis Report" option in "Analysis and Synthesis Settings -> More Settings" to "Off".


+-------------------------------+
; Elapsed Time Per Partition    ;
+----------------+--------------+
; Partition Name ; Elapsed Time ;
+----------------+--------------+
; Top            ; 00:00:00     ;
+----------------+--------------+


+-------------------------------+
; Analysis & Synthesis Messages ;
+-------------------------------+
Info: *******************************************************************
Info: Running Quartus II 64-Bit Analysis & Synthesis
    Info: Version 12.1 Build 243 01/31/2013 Service Pack 1 SJ Web Edition
    Info: Processing started: Sun Dec 15 15:14:55 2019
Info: Command: quartus_map --read_settings_files=on --write_settings_files=off lab6q -c lab6q
Warning (20028): Parallel compilation is not licensed and has been disabled
Info (12021): Found 1 design units, including 1 entities, in source file /study/labs/components/lab6/lab6/lab6_lib/hdl/conv_tbl.v
    Info (12023): Found entity 1: CONV
Info (12021): Found 1 design units, including 1 entities, in source file /study/labs/components/lab6/lab6/lab6_lib/hdl/contr_auto_fsm.v
    Info (12023): Found entity 1: CONTR_AUTO
Info (12021): Found 1 design units, including 1 entities, in source file lab6q.v
    Info (12023): Found entity 1: lab6q
Info (12021): Found 1 design units, including 1 entities, in source file bit_counter.v
    Info (12023): Found entity 1: BIT_COUNTER
Info (12021): Found 1 design units, including 1 entities, in source file bit_mux.v
    Info (12023): Found entity 1: BIT_MUX
Info (12127): Elaborating entity "lab6q" for the top level hierarchy
Info (12128): Elaborating entity "BIT_COUNTER" for hierarchy "BIT_COUNTER:current_bit_counter"
Info (12128): Elaborating entity "lpm_counter" for hierarchy "BIT_COUNTER:current_bit_counter|lpm_counter:LPM_COUNTER_component"
Info (12130): Elaborated megafunction instantiation "BIT_COUNTER:current_bit_counter|lpm_counter:LPM_COUNTER_component"
Info (12133): Instantiated megafunction "BIT_COUNTER:current_bit_counter|lpm_counter:LPM_COUNTER_component" with the following parameter:
    Info (12134): Parameter "lpm_direction" = "UP"
    Info (12134): Parameter "lpm_port_updown" = "PORT_UNUSED"
    Info (12134): Parameter "lpm_type" = "LPM_COUNTER"
    Info (12134): Parameter "lpm_width" = "4"
Info (12021): Found 1 design units, including 1 entities, in source file db/cntr_cri.tdf
    Info (12023): Found entity 1: cntr_cri
Info (12128): Elaborating entity "cntr_cri" for hierarchy "BIT_COUNTER:current_bit_counter|lpm_counter:LPM_COUNTER_component|cntr_cri:auto_generated"
Info (12128): Elaborating entity "BIT_MUX" for hierarchy "BIT_MUX:current_bit_multiplexer"
Info (12128): Elaborating entity "lpm_mux" for hierarchy "BIT_MUX:current_bit_multiplexer|lpm_mux:LPM_MUX_component"
Info (12130): Elaborated megafunction instantiation "BIT_MUX:current_bit_multiplexer|lpm_mux:LPM_MUX_component"
Info (12133): Instantiated megafunction "BIT_MUX:current_bit_multiplexer|lpm_mux:LPM_MUX_component" with the following parameter:
    Info (12134): Parameter "lpm_size" = "10"
    Info (12134): Parameter "lpm_type" = "LPM_MUX"
    Info (12134): Parameter "lpm_width" = "1"
    Info (12134): Parameter "lpm_widths" = "4"
Info (12021): Found 1 design units, including 1 entities, in source file db/mux_grc.tdf
    Info (12023): Found entity 1: mux_grc
Info (12128): Elaborating entity "mux_grc" for hierarchy "BIT_MUX:current_bit_multiplexer|lpm_mux:LPM_MUX_component|mux_grc:auto_generated"
Info (12128): Elaborating entity "CONTR_AUTO" for hierarchy "CONTR_AUTO:controller"
Warning (10240): Verilog HDL Always Construct warning at contr_auto_fsm.v(89): inferring latch(es) for variable "Busy_int", which holds its previous value in one or more paths through the always construct
Warning (10240): Verilog HDL Always Construct warning at contr_auto_fsm.v(89): inferring latch(es) for variable "Enable_int", which holds its previous value in one or more paths through the always construct
Warning (10240): Verilog HDL Always Construct warning at contr_auto_fsm.v(89): inferring latch(es) for variable "Ready_int", which holds its previous value in one or more paths through the always construct
Info (10041): Inferred latch for "Ready_int" at contr_auto_fsm.v(89)
Info (10041): Inferred latch for "Enable_int" at contr_auto_fsm.v(89)
Info (10041): Inferred latch for "Busy_int" at contr_auto_fsm.v(89)
Info (12128): Elaborating entity "CONV" for hierarchy "CONV:converter"
Warning (13024): Output pins are stuck at VCC or GND
    Warning (13410): Pin "Indicator_out[7]" is stuck at VCC
Info (286030): Timing-Driven Synthesis is running
Info (17049): 2 registers lost all their fanouts during netlist optimizations.
Info (16010): Generating hard_block partition "hard_block:auto_generated_inst"
    Info (16011): Adding 0 node(s), including 0 DDIO, 0 PLL, 0 transceiver and 0 LCELL
Info (21057): Implemented 59 device resources after synthesis - the final resource count might be different
    Info (21058): Implemented 13 input pins
    Info (21059): Implemented 10 output pins
    Info (21061): Implemented 36 logic cells
Info: Quartus II 64-Bit Analysis & Synthesis was successful. 0 errors, 7 warnings
    Info: Peak virtual memory: 453 megabytes
    Info: Processing ended: Sun Dec 15 15:14:59 2019
    Info: Elapsed time: 00:00:04
    Info: Total CPU time (on all processors): 00:00:02


