TimeQuest Timing Analyzer report for sync_transmit
Wed Sep 25 22:24:16 2019
Quartus II 64-Bit Version 12.1 Build 243 01/31/2013 Service Pack 1 SJ Web Edition


---------------------
; Table of Contents ;
---------------------
  1. Legal Notice
  2. TimeQuest Timing Analyzer Summary
  3. Parallel Compilation
  4. Clocks
  5. Slow 1200mV 85C Model Fmax Summary
  6. Slow 1200mV 85C Model Setup Summary
  7. Slow 1200mV 85C Model Hold Summary
  8. Slow 1200mV 85C Model Recovery Summary
  9. Slow 1200mV 85C Model Removal Summary
 10. Slow 1200mV 85C Model Minimum Pulse Width Summary
 11. Slow 1200mV 85C Model Setup: 'Clk_in'
 12. Slow 1200mV 85C Model Hold: 'Clk_in'
 13. Slow 1200mV 85C Model Minimum Pulse Width: 'Clk_in'
 14. Setup Times
 15. Hold Times
 16. Clock to Output Times
 17. Minimum Clock to Output Times
 18. Slow 1200mV 85C Model Metastability Report
 19. Slow 1200mV 0C Model Fmax Summary
 20. Slow 1200mV 0C Model Setup Summary
 21. Slow 1200mV 0C Model Hold Summary
 22. Slow 1200mV 0C Model Recovery Summary
 23. Slow 1200mV 0C Model Removal Summary
 24. Slow 1200mV 0C Model Minimum Pulse Width Summary
 25. Slow 1200mV 0C Model Setup: 'Clk_in'
 26. Slow 1200mV 0C Model Hold: 'Clk_in'
 27. Slow 1200mV 0C Model Minimum Pulse Width: 'Clk_in'
 28. Setup Times
 29. Hold Times
 30. Clock to Output Times
 31. Minimum Clock to Output Times
 32. Slow 1200mV 0C Model Metastability Report
 33. Fast 1200mV 0C Model Setup Summary
 34. Fast 1200mV 0C Model Hold Summary
 35. Fast 1200mV 0C Model Recovery Summary
 36. Fast 1200mV 0C Model Removal Summary
 37. Fast 1200mV 0C Model Minimum Pulse Width Summary
 38. Fast 1200mV 0C Model Setup: 'Clk_in'
 39. Fast 1200mV 0C Model Hold: 'Clk_in'
 40. Fast 1200mV 0C Model Minimum Pulse Width: 'Clk_in'
 41. Setup Times
 42. Hold Times
 43. Clock to Output Times
 44. Minimum Clock to Output Times
 45. Fast 1200mV 0C Model Metastability Report
 46. Multicorner Timing Analysis Summary
 47. Setup Times
 48. Hold Times
 49. Clock to Output Times
 50. Minimum Clock to Output Times
 51. Board Trace Model Assignments
 52. Input Transition Times
 53. Slow Corner Signal Integrity Metrics
 54. Fast Corner Signal Integrity Metrics
 55. Setup Transfers
 56. Hold Transfers
 57. Report TCCS
 58. Report RSKM
 59. Unconstrained Paths
 60. TimeQuest Timing Analyzer Messages



----------------
; Legal Notice ;
----------------
Copyright (C) 1991-2012 Altera Corporation
Your use of Altera Corporation's design tools, logic functions 
and other software and tools, and its AMPP partner logic 
functions, and any output files from any of the foregoing 
(including device programming or simulation files), and any 
associated documentation or information are expressly subject 
to the terms and conditions of the Altera Program License 
Subscription Agreement, Altera MegaCore Function License 
Agreement, or other applicable license agreement, including, 
without limitation, that your use is for the sole purpose of 
programming logic devices manufactured by Altera and sold by 
Altera or its authorized distributors.  Please refer to the 
applicable agreement for further details.



+--------------------------------------------------------------------------------------+
; TimeQuest Timing Analyzer Summary                                                    ;
+--------------------+-----------------------------------------------------------------+
; Quartus II Version ; Version 12.1 Build 243 01/31/2013 Service Pack 1 SJ Web Edition ;
; Revision Name      ; sync_transmit                                                   ;
; Device Family      ; Cyclone III                                                     ;
; Device Name        ; EP3C16F484C6                                                    ;
; Timing Models      ; Final                                                           ;
; Delay Model        ; Combined                                                        ;
; Rise/Fall Delays   ; Enabled                                                         ;
+--------------------+-----------------------------------------------------------------+


Parallel compilation was disabled, but you have multiple processors available. Enable parallel compilation to reduce compilation time.
+-------------------------------------+
; Parallel Compilation                ;
+----------------------------+--------+
; Processors                 ; Number ;
+----------------------------+--------+
; Number detected on machine ; 8      ;
; Maximum allowed            ; 1      ;
+----------------------------+--------+


+------------------------------------------------------------------------------------------------------------------------------------------------------------------------------------+
; Clocks                                                                                                                                                                             ;
+------------+------+--------+------------+-------+-------+------------+-----------+-------------+-------+--------+-----------+------------+----------+--------+--------+------------+
; Clock Name ; Type ; Period ; Frequency  ; Rise  ; Fall  ; Duty Cycle ; Divide by ; Multiply by ; Phase ; Offset ; Edge List ; Edge Shift ; Inverted ; Master ; Source ; Targets    ;
+------------+------+--------+------------+-------+-------+------------+-----------+-------------+-------+--------+-----------+------------+----------+--------+--------+------------+
; Clk_in     ; Base ; 1.000  ; 1000.0 MHz ; 0.000 ; 0.500 ;            ;           ;             ;       ;        ;           ;            ;          ;        ;        ; { Clk_in } ;
+------------+------+--------+------------+-------+-------+------------+-----------+-------------+-------+--------+-----------+------------+----------+--------+--------+------------+


+-----------------------------------------------------------------------------------------------------------+
; Slow 1200mV 85C Model Fmax Summary                                                                        ;
+------------+-----------------+------------+---------------------------------------------------------------+
; Fmax       ; Restricted Fmax ; Clock Name ; Note                                                          ;
+------------+-----------------+------------+---------------------------------------------------------------+
; 427.17 MHz ; 250.0 MHz       ; Clk_in     ; limit due to minimum period restriction (max I/O toggle rate) ;
+------------+-----------------+------------+---------------------------------------------------------------+
This panel reports FMAX for every clock in the design, regardless of the user-specified clock periods.  FMAX is only computed for paths where the source and destination registers or ports are driven by the same clock.  Paths of different clocks, including generated clocks, are ignored.  For paths between a clock and its inversion, FMAX is computed as if the rising and falling edges are scaled along with FMAX, such that the duty cycle (in terms of a percentage) is maintained. Altera recommends that you always use clock constraints and other slack reports for sign-off analysis.


+-------------------------------------+
; Slow 1200mV 85C Model Setup Summary ;
+--------+--------+-------------------+
; Clock  ; Slack  ; End Point TNS     ;
+--------+--------+-------------------+
; Clk_in ; -1.341 ; -3.795            ;
+--------+--------+-------------------+


+------------------------------------+
; Slow 1200mV 85C Model Hold Summary ;
+--------+-------+-------------------+
; Clock  ; Slack ; End Point TNS     ;
+--------+-------+-------------------+
; Clk_in ; 0.359 ; 0.000             ;
+--------+-------+-------------------+


------------------------------------------
; Slow 1200mV 85C Model Recovery Summary ;
------------------------------------------
No paths to report.


-----------------------------------------
; Slow 1200mV 85C Model Removal Summary ;
-----------------------------------------
No paths to report.


+---------------------------------------------------+
; Slow 1200mV 85C Model Minimum Pulse Width Summary ;
+--------+--------+---------------------------------+
; Clock  ; Slack  ; End Point TNS                   ;
+--------+--------+---------------------------------+
; Clk_in ; -3.000 ; -9.000                          ;
+--------+--------+---------------------------------+


+--------------------------------------------------------------------------------------------------------+
; Slow 1200mV 85C Model Setup: 'Clk_in'                                                                  ;
+--------+------------+------------+--------------+-------------+--------------+------------+------------+
; Slack  ; From Node  ; To Node    ; Launch Clock ; Latch Clock ; Relationship ; Clock Skew ; Data Delay ;
+--------+------------+------------+--------------+-------------+--------------+------------+------------+
; -1.341 ; counter[2] ; odd        ; Clk_in       ; Clk_in      ; 1.000        ; -0.061     ; 2.275      ;
; -1.335 ; counter[1] ; odd        ; Clk_in       ; Clk_in      ; 1.000        ; -0.061     ; 2.269      ;
; -1.181 ; counter[2] ; D_bit      ; Clk_in       ; Clk_in      ; 1.000        ; -0.061     ; 2.115      ;
; -1.150 ; counter[1] ; D_bit      ; Clk_in       ; Clk_in      ; 1.000        ; -0.061     ; 2.084      ;
; -1.099 ; counter[0] ; D_bit      ; Clk_in       ; Clk_in      ; 1.000        ; -0.061     ; 2.033      ;
; -1.098 ; odd        ; D_bit      ; Clk_in       ; Clk_in      ; 1.000        ; -0.061     ; 2.032      ;
; -1.073 ; counter[0] ; odd        ; Clk_in       ; Clk_in      ; 1.000        ; -0.061     ; 2.007      ;
; -0.974 ; odd        ; odd        ; Clk_in       ; Clk_in      ; 1.000        ; -0.061     ; 1.908      ;
; -0.681 ; counter[2] ; counter[0] ; Clk_in       ; Clk_in      ; 1.000        ; -0.061     ; 1.615      ;
; -0.675 ; counter[1] ; counter[0] ; Clk_in       ; Clk_in      ; 1.000        ; -0.061     ; 1.609      ;
; -0.398 ; counter[0] ; counter[0] ; Clk_in       ; Clk_in      ; 1.000        ; -0.061     ; 1.332      ;
; -0.301 ; counter[0] ; counter[2] ; Clk_in       ; Clk_in      ; 1.000        ; -0.061     ; 1.235      ;
; -0.291 ; counter[0] ; counter[1] ; Clk_in       ; Clk_in      ; 1.000        ; -0.061     ; 1.225      ;
; -0.186 ; counter[1] ; counter[2] ; Clk_in       ; Clk_in      ; 1.000        ; -0.061     ; 1.120      ;
; 0.275  ; counter[2] ; counter[2] ; Clk_in       ; Clk_in      ; 1.000        ; -0.061     ; 0.659      ;
; 0.275  ; counter[1] ; counter[1] ; Clk_in       ; Clk_in      ; 1.000        ; -0.061     ; 0.659      ;
+--------+------------+------------+--------------+-------------+--------------+------------+------------+


+-------------------------------------------------------------------------------------------------------+
; Slow 1200mV 85C Model Hold: 'Clk_in'                                                                  ;
+-------+------------+------------+--------------+-------------+--------------+------------+------------+
; Slack ; From Node  ; To Node    ; Launch Clock ; Latch Clock ; Relationship ; Clock Skew ; Data Delay ;
+-------+------------+------------+--------------+-------------+--------------+------------+------------+
; 0.359 ; counter[1] ; counter[1] ; Clk_in       ; Clk_in      ; 0.000        ; 0.061      ; 0.577      ;
; 0.359 ; counter[2] ; counter[2] ; Clk_in       ; Clk_in      ; 0.000        ; 0.061      ; 0.577      ;
; 0.737 ; counter[1] ; counter[2] ; Clk_in       ; Clk_in      ; 0.000        ; 0.061      ; 0.955      ;
; 0.860 ; counter[0] ; counter[1] ; Clk_in       ; Clk_in      ; 0.000        ; 0.061      ; 1.078      ;
; 0.868 ; counter[0] ; counter[2] ; Clk_in       ; Clk_in      ; 0.000        ; 0.061      ; 1.086      ;
; 0.892 ; counter[2] ; D_bit      ; Clk_in       ; Clk_in      ; 0.000        ; 0.061      ; 1.110      ;
; 0.908 ; counter[2] ; odd        ; Clk_in       ; Clk_in      ; 0.000        ; 0.061      ; 1.126      ;
; 0.992 ; counter[0] ; counter[0] ; Clk_in       ; Clk_in      ; 0.000        ; 0.061      ; 1.210      ;
; 0.999 ; counter[0] ; odd        ; Clk_in       ; Clk_in      ; 0.000        ; 0.061      ; 1.217      ;
; 1.041 ; counter[1] ; odd        ; Clk_in       ; Clk_in      ; 0.000        ; 0.061      ; 1.259      ;
; 1.102 ; counter[1] ; D_bit      ; Clk_in       ; Clk_in      ; 0.000        ; 0.061      ; 1.320      ;
; 1.120 ; counter[0] ; D_bit      ; Clk_in       ; Clk_in      ; 0.000        ; 0.061      ; 1.338      ;
; 1.192 ; counter[2] ; counter[0] ; Clk_in       ; Clk_in      ; 0.000        ; 0.061      ; 1.410      ;
; 1.193 ; counter[1] ; counter[0] ; Clk_in       ; Clk_in      ; 0.000        ; 0.061      ; 1.411      ;
; 1.199 ; odd        ; D_bit      ; Clk_in       ; Clk_in      ; 0.000        ; 0.061      ; 1.417      ;
; 1.374 ; odd        ; odd        ; Clk_in       ; Clk_in      ; 0.000        ; 0.061      ; 1.592      ;
+-------+------------+------------+--------------+-------------+--------------+------------+------------+


+----------------------------------------------------------------------------------------------------------------+
; Slow 1200mV 85C Model Minimum Pulse Width: 'Clk_in'                                                            ;
+--------+--------------+----------------+------------------+--------+------------+------------------------------+
; Slack  ; Actual Width ; Required Width ; Type             ; Clock  ; Clock Edge ; Target                       ;
+--------+--------------+----------------+------------------+--------+------------+------------------------------+
; -3.000 ; 1.000        ; 4.000          ; Port Rate        ; Clk_in ; Rise       ; Clk_in                       ;
; -1.000 ; 1.000        ; 2.000          ; Min Period       ; Clk_in ; Rise       ; D_bit                        ;
; -1.000 ; 1.000        ; 2.000          ; Min Period       ; Clk_in ; Rise       ; FS_reg                       ;
; -1.000 ; 1.000        ; 2.000          ; Min Period       ; Clk_in ; Rise       ; counter[0]                   ;
; -1.000 ; 1.000        ; 2.000          ; Min Period       ; Clk_in ; Rise       ; counter[1]                   ;
; -1.000 ; 1.000        ; 2.000          ; Min Period       ; Clk_in ; Rise       ; counter[2]                   ;
; -1.000 ; 1.000        ; 2.000          ; Min Period       ; Clk_in ; Rise       ; odd                          ;
; 0.186  ; 0.370        ; 0.184          ; Low Pulse Width  ; Clk_in ; Rise       ; D_bit                        ;
; 0.186  ; 0.370        ; 0.184          ; Low Pulse Width  ; Clk_in ; Rise       ; FS_reg                       ;
; 0.186  ; 0.370        ; 0.184          ; Low Pulse Width  ; Clk_in ; Rise       ; counter[0]                   ;
; 0.186  ; 0.370        ; 0.184          ; Low Pulse Width  ; Clk_in ; Rise       ; counter[1]                   ;
; 0.186  ; 0.370        ; 0.184          ; Low Pulse Width  ; Clk_in ; Rise       ; counter[2]                   ;
; 0.186  ; 0.370        ; 0.184          ; Low Pulse Width  ; Clk_in ; Rise       ; odd                          ;
; 0.339  ; 0.339        ; 0.000          ; Low Pulse Width  ; Clk_in ; Rise       ; Clk_in~input|o               ;
; 0.348  ; 0.348        ; 0.000          ; Low Pulse Width  ; Clk_in ; Rise       ; D_bit|clk                    ;
; 0.348  ; 0.348        ; 0.000          ; Low Pulse Width  ; Clk_in ; Rise       ; FS_reg|clk                   ;
; 0.348  ; 0.348        ; 0.000          ; Low Pulse Width  ; Clk_in ; Rise       ; counter[0]|clk               ;
; 0.348  ; 0.348        ; 0.000          ; Low Pulse Width  ; Clk_in ; Rise       ; counter[1]|clk               ;
; 0.348  ; 0.348        ; 0.000          ; Low Pulse Width  ; Clk_in ; Rise       ; counter[2]|clk               ;
; 0.348  ; 0.348        ; 0.000          ; Low Pulse Width  ; Clk_in ; Rise       ; odd|clk                      ;
; 0.356  ; 0.356        ; 0.000          ; Low Pulse Width  ; Clk_in ; Rise       ; Clk_in~inputclkctrl|inclk[0] ;
; 0.356  ; 0.356        ; 0.000          ; Low Pulse Width  ; Clk_in ; Rise       ; Clk_in~inputclkctrl|outclk   ;
; 0.412  ; 0.628        ; 0.216          ; High Pulse Width ; Clk_in ; Rise       ; D_bit                        ;
; 0.412  ; 0.628        ; 0.216          ; High Pulse Width ; Clk_in ; Rise       ; FS_reg                       ;
; 0.412  ; 0.628        ; 0.216          ; High Pulse Width ; Clk_in ; Rise       ; counter[0]                   ;
; 0.412  ; 0.628        ; 0.216          ; High Pulse Width ; Clk_in ; Rise       ; counter[1]                   ;
; 0.412  ; 0.628        ; 0.216          ; High Pulse Width ; Clk_in ; Rise       ; counter[2]                   ;
; 0.412  ; 0.628        ; 0.216          ; High Pulse Width ; Clk_in ; Rise       ; odd                          ;
; 0.500  ; 0.500        ; 0.000          ; High Pulse Width ; Clk_in ; Rise       ; Clk_in~input|i               ;
; 0.500  ; 0.500        ; 0.000          ; Low Pulse Width  ; Clk_in ; Rise       ; Clk_in~input|i               ;
; 0.643  ; 0.643        ; 0.000          ; High Pulse Width ; Clk_in ; Rise       ; Clk_in~inputclkctrl|inclk[0] ;
; 0.643  ; 0.643        ; 0.000          ; High Pulse Width ; Clk_in ; Rise       ; Clk_in~inputclkctrl|outclk   ;
; 0.652  ; 0.652        ; 0.000          ; High Pulse Width ; Clk_in ; Rise       ; D_bit|clk                    ;
; 0.652  ; 0.652        ; 0.000          ; High Pulse Width ; Clk_in ; Rise       ; FS_reg|clk                   ;
; 0.652  ; 0.652        ; 0.000          ; High Pulse Width ; Clk_in ; Rise       ; counter[0]|clk               ;
; 0.652  ; 0.652        ; 0.000          ; High Pulse Width ; Clk_in ; Rise       ; counter[1]|clk               ;
; 0.652  ; 0.652        ; 0.000          ; High Pulse Width ; Clk_in ; Rise       ; counter[2]|clk               ;
; 0.652  ; 0.652        ; 0.000          ; High Pulse Width ; Clk_in ; Rise       ; odd|clk                      ;
; 0.661  ; 0.661        ; 0.000          ; High Pulse Width ; Clk_in ; Rise       ; Clk_in~input|o               ;
+--------+--------------+----------------+------------------+--------+------------+------------------------------+


+-----------------------------------------------------------------------+
; Setup Times                                                           ;
+-----------+------------+-------+-------+------------+-----------------+
; Data Port ; Clock Port ; Rise  ; Fall  ; Clock Edge ; Clock Reference ;
+-----------+------------+-------+-------+------------+-----------------+
; Din[*]    ; Clk_in     ; 2.429 ; 2.777 ; Rise       ; Clk_in          ;
;  Din[0]   ; Clk_in     ; 2.258 ; 2.694 ; Rise       ; Clk_in          ;
;  Din[1]   ; Clk_in     ; 1.879 ; 2.329 ; Rise       ; Clk_in          ;
;  Din[2]   ; Clk_in     ; 1.650 ; 2.105 ; Rise       ; Clk_in          ;
;  Din[3]   ; Clk_in     ; 1.811 ; 2.256 ; Rise       ; Clk_in          ;
;  Din[4]   ; Clk_in     ; 2.429 ; 2.777 ; Rise       ; Clk_in          ;
;  Din[5]   ; Clk_in     ; 2.256 ; 2.691 ; Rise       ; Clk_in          ;
; Start     ; Clk_in     ; 1.774 ; 2.155 ; Rise       ; Clk_in          ;
+-----------+------------+-------+-------+------------+-----------------+


+-------------------------------------------------------------------------+
; Hold Times                                                              ;
+-----------+------------+--------+--------+------------+-----------------+
; Data Port ; Clock Port ; Rise   ; Fall   ; Clock Edge ; Clock Reference ;
+-----------+------------+--------+--------+------------+-----------------+
; Din[*]    ; Clk_in     ; -1.255 ; -1.680 ; Rise       ; Clk_in          ;
;  Din[0]   ; Clk_in     ; -1.830 ; -2.252 ; Rise       ; Clk_in          ;
;  Din[1]   ; Clk_in     ; -1.461 ; -1.899 ; Rise       ; Clk_in          ;
;  Din[2]   ; Clk_in     ; -1.255 ; -1.680 ; Rise       ; Clk_in          ;
;  Din[3]   ; Clk_in     ; -1.404 ; -1.824 ; Rise       ; Clk_in          ;
;  Din[4]   ; Clk_in     ; -1.547 ; -1.901 ; Rise       ; Clk_in          ;
;  Din[5]   ; Clk_in     ; -1.307 ; -1.709 ; Rise       ; Clk_in          ;
; Start     ; Clk_in     ; -0.983 ; -1.365 ; Rise       ; Clk_in          ;
+-----------+------------+--------+--------+------------+-----------------+


+-----------------------------------------------------------------------+
; Clock to Output Times                                                 ;
+-----------+------------+-------+-------+------------+-----------------+
; Data Port ; Clock Port ; Rise  ; Fall  ; Clock Edge ; Clock Reference ;
+-----------+------------+-------+-------+------------+-----------------+
; Clk_out   ; Clk_in     ; 3.571 ; 3.744 ; Rise       ; Clk_in          ;
; D         ; Clk_in     ; 5.197 ; 5.177 ; Rise       ; Clk_in          ;
; FS        ; Clk_in     ; 5.285 ; 5.277 ; Rise       ; Clk_in          ;
; Clk_out   ; Clk_in     ; 3.571 ; 3.744 ; Fall       ; Clk_in          ;
+-----------+------------+-------+-------+------------+-----------------+


+-----------------------------------------------------------------------+
; Minimum Clock to Output Times                                         ;
+-----------+------------+-------+-------+------------+-----------------+
; Data Port ; Clock Port ; Rise  ; Fall  ; Clock Edge ; Clock Reference ;
+-----------+------------+-------+-------+------------+-----------------+
; Clk_out   ; Clk_in     ; 3.548 ; 3.720 ; Rise       ; Clk_in          ;
; D         ; Clk_in     ; 5.093 ; 5.072 ; Rise       ; Clk_in          ;
; FS        ; Clk_in     ; 5.181 ; 5.171 ; Rise       ; Clk_in          ;
; Clk_out   ; Clk_in     ; 3.548 ; 3.720 ; Fall       ; Clk_in          ;
+-----------+------------+-------+-------+------------+-----------------+


----------------------------------------------
; Slow 1200mV 85C Model Metastability Report ;
----------------------------------------------
No synchronizer chains to report.


+-----------------------------------------------------------------------------------------------------------+
; Slow 1200mV 0C Model Fmax Summary                                                                         ;
+------------+-----------------+------------+---------------------------------------------------------------+
; Fmax       ; Restricted Fmax ; Clock Name ; Note                                                          ;
+------------+-----------------+------------+---------------------------------------------------------------+
; 478.47 MHz ; 250.0 MHz       ; Clk_in     ; limit due to minimum period restriction (max I/O toggle rate) ;
+------------+-----------------+------------+---------------------------------------------------------------+
This panel reports FMAX for every clock in the design, regardless of the user-specified clock periods.  FMAX is only computed for paths where the source and destination registers or ports are driven by the same clock.  Paths of different clocks, including generated clocks, are ignored.  For paths between a clock and its inversion, FMAX is computed as if the rising and falling edges are scaled along with FMAX, such that the duty cycle (in terms of a percentage) is maintained. Altera recommends that you always use clock constraints and other slack reports for sign-off analysis.


+------------------------------------+
; Slow 1200mV 0C Model Setup Summary ;
+--------+--------+------------------+
; Clock  ; Slack  ; End Point TNS    ;
+--------+--------+------------------+
; Clk_in ; -1.090 ; -2.863           ;
+--------+--------+------------------+


+-----------------------------------+
; Slow 1200mV 0C Model Hold Summary ;
+--------+-------+------------------+
; Clock  ; Slack ; End Point TNS    ;
+--------+-------+------------------+
; Clk_in ; 0.313 ; 0.000            ;
+--------+-------+------------------+


-----------------------------------------
; Slow 1200mV 0C Model Recovery Summary ;
-----------------------------------------
No paths to report.


----------------------------------------
; Slow 1200mV 0C Model Removal Summary ;
----------------------------------------
No paths to report.


+--------------------------------------------------+
; Slow 1200mV 0C Model Minimum Pulse Width Summary ;
+--------+--------+--------------------------------+
; Clock  ; Slack  ; End Point TNS                  ;
+--------+--------+--------------------------------+
; Clk_in ; -3.000 ; -9.000                         ;
+--------+--------+--------------------------------+


+--------------------------------------------------------------------------------------------------------+
; Slow 1200mV 0C Model Setup: 'Clk_in'                                                                   ;
+--------+------------+------------+--------------+-------------+--------------+------------+------------+
; Slack  ; From Node  ; To Node    ; Launch Clock ; Latch Clock ; Relationship ; Clock Skew ; Data Delay ;
+--------+------------+------------+--------------+-------------+--------------+------------+------------+
; -1.090 ; counter[2] ; odd        ; Clk_in       ; Clk_in      ; 1.000        ; -0.054     ; 2.031      ;
; -1.084 ; counter[1] ; odd        ; Clk_in       ; Clk_in      ; 1.000        ; -0.054     ; 2.025      ;
; -0.955 ; counter[2] ; D_bit      ; Clk_in       ; Clk_in      ; 1.000        ; -0.054     ; 1.896      ;
; -0.925 ; counter[1] ; D_bit      ; Clk_in       ; Clk_in      ; 1.000        ; -0.054     ; 1.866      ;
; -0.879 ; counter[0] ; D_bit      ; Clk_in       ; Clk_in      ; 1.000        ; -0.054     ; 1.820      ;
; -0.869 ; odd        ; D_bit      ; Clk_in       ; Clk_in      ; 1.000        ; -0.054     ; 1.810      ;
; -0.855 ; counter[0] ; odd        ; Clk_in       ; Clk_in      ; 1.000        ; -0.054     ; 1.796      ;
; -0.751 ; odd        ; odd        ; Clk_in       ; Clk_in      ; 1.000        ; -0.054     ; 1.692      ;
; -0.497 ; counter[2] ; counter[0] ; Clk_in       ; Clk_in      ; 1.000        ; -0.054     ; 1.438      ;
; -0.491 ; counter[1] ; counter[0] ; Clk_in       ; Clk_in      ; 1.000        ; -0.054     ; 1.432      ;
; -0.271 ; counter[0] ; counter[0] ; Clk_in       ; Clk_in      ; 1.000        ; -0.054     ; 1.212      ;
; -0.172 ; counter[0] ; counter[2] ; Clk_in       ; Clk_in      ; 1.000        ; -0.054     ; 1.113      ;
; -0.149 ; counter[0] ; counter[1] ; Clk_in       ; Clk_in      ; 1.000        ; -0.054     ; 1.090      ;
; -0.052 ; counter[1] ; counter[2] ; Clk_in       ; Clk_in      ; 1.000        ; -0.054     ; 0.993      ;
; 0.358  ; counter[2] ; counter[2] ; Clk_in       ; Clk_in      ; 1.000        ; -0.054     ; 0.583      ;
; 0.358  ; counter[1] ; counter[1] ; Clk_in       ; Clk_in      ; 1.000        ; -0.054     ; 0.583      ;
+--------+------------+------------+--------------+-------------+--------------+------------+------------+


+-------------------------------------------------------------------------------------------------------+
; Slow 1200mV 0C Model Hold: 'Clk_in'                                                                   ;
+-------+------------+------------+--------------+-------------+--------------+------------+------------+
; Slack ; From Node  ; To Node    ; Launch Clock ; Latch Clock ; Relationship ; Clock Skew ; Data Delay ;
+-------+------------+------------+--------------+-------------+--------------+------------+------------+
; 0.313 ; counter[1] ; counter[1] ; Clk_in       ; Clk_in      ; 0.000        ; 0.054      ; 0.511      ;
; 0.313 ; counter[2] ; counter[2] ; Clk_in       ; Clk_in      ; 0.000        ; 0.054      ; 0.511      ;
; 0.672 ; counter[1] ; counter[2] ; Clk_in       ; Clk_in      ; 0.000        ; 0.054      ; 0.870      ;
; 0.795 ; counter[0] ; counter[1] ; Clk_in       ; Clk_in      ; 0.000        ; 0.054      ; 0.993      ;
; 0.798 ; counter[0] ; counter[2] ; Clk_in       ; Clk_in      ; 0.000        ; 0.054      ; 0.996      ;
; 0.819 ; counter[2] ; D_bit      ; Clk_in       ; Clk_in      ; 0.000        ; 0.054      ; 1.017      ;
; 0.836 ; counter[2] ; odd        ; Clk_in       ; Clk_in      ; 0.000        ; 0.054      ; 1.034      ;
; 0.886 ; counter[0] ; counter[0] ; Clk_in       ; Clk_in      ; 0.000        ; 0.054      ; 1.084      ;
; 0.895 ; counter[0] ; odd        ; Clk_in       ; Clk_in      ; 0.000        ; 0.054      ; 1.093      ;
; 0.943 ; counter[1] ; odd        ; Clk_in       ; Clk_in      ; 0.000        ; 0.054      ; 1.141      ;
; 0.988 ; counter[1] ; D_bit      ; Clk_in       ; Clk_in      ; 0.000        ; 0.054      ; 1.186      ;
; 1.007 ; counter[0] ; D_bit      ; Clk_in       ; Clk_in      ; 0.000        ; 0.054      ; 1.205      ;
; 1.084 ; counter[1] ; counter[0] ; Clk_in       ; Clk_in      ; 0.000        ; 0.054      ; 1.282      ;
; 1.086 ; counter[2] ; counter[0] ; Clk_in       ; Clk_in      ; 0.000        ; 0.054      ; 1.284      ;
; 1.094 ; odd        ; D_bit      ; Clk_in       ; Clk_in      ; 0.000        ; 0.054      ; 1.292      ;
; 1.260 ; odd        ; odd        ; Clk_in       ; Clk_in      ; 0.000        ; 0.054      ; 1.458      ;
+-------+------------+------------+--------------+-------------+--------------+------------+------------+


+----------------------------------------------------------------------------------------------------------------+
; Slow 1200mV 0C Model Minimum Pulse Width: 'Clk_in'                                                             ;
+--------+--------------+----------------+------------------+--------+------------+------------------------------+
; Slack  ; Actual Width ; Required Width ; Type             ; Clock  ; Clock Edge ; Target                       ;
+--------+--------------+----------------+------------------+--------+------------+------------------------------+
; -3.000 ; 1.000        ; 4.000          ; Port Rate        ; Clk_in ; Rise       ; Clk_in                       ;
; -1.000 ; 1.000        ; 2.000          ; Min Period       ; Clk_in ; Rise       ; D_bit                        ;
; -1.000 ; 1.000        ; 2.000          ; Min Period       ; Clk_in ; Rise       ; FS_reg                       ;
; -1.000 ; 1.000        ; 2.000          ; Min Period       ; Clk_in ; Rise       ; counter[0]                   ;
; -1.000 ; 1.000        ; 2.000          ; Min Period       ; Clk_in ; Rise       ; counter[1]                   ;
; -1.000 ; 1.000        ; 2.000          ; Min Period       ; Clk_in ; Rise       ; counter[2]                   ;
; -1.000 ; 1.000        ; 2.000          ; Min Period       ; Clk_in ; Rise       ; odd                          ;
; 0.181  ; 0.365        ; 0.184          ; Low Pulse Width  ; Clk_in ; Rise       ; D_bit                        ;
; 0.181  ; 0.365        ; 0.184          ; Low Pulse Width  ; Clk_in ; Rise       ; FS_reg                       ;
; 0.181  ; 0.365        ; 0.184          ; Low Pulse Width  ; Clk_in ; Rise       ; counter[0]                   ;
; 0.181  ; 0.365        ; 0.184          ; Low Pulse Width  ; Clk_in ; Rise       ; counter[1]                   ;
; 0.181  ; 0.365        ; 0.184          ; Low Pulse Width  ; Clk_in ; Rise       ; counter[2]                   ;
; 0.181  ; 0.365        ; 0.184          ; Low Pulse Width  ; Clk_in ; Rise       ; odd                          ;
; 0.339  ; 0.339        ; 0.000          ; Low Pulse Width  ; Clk_in ; Rise       ; Clk_in~input|o               ;
; 0.341  ; 0.341        ; 0.000          ; Low Pulse Width  ; Clk_in ; Rise       ; D_bit|clk                    ;
; 0.341  ; 0.341        ; 0.000          ; Low Pulse Width  ; Clk_in ; Rise       ; FS_reg|clk                   ;
; 0.341  ; 0.341        ; 0.000          ; Low Pulse Width  ; Clk_in ; Rise       ; counter[0]|clk               ;
; 0.341  ; 0.341        ; 0.000          ; Low Pulse Width  ; Clk_in ; Rise       ; counter[1]|clk               ;
; 0.341  ; 0.341        ; 0.000          ; Low Pulse Width  ; Clk_in ; Rise       ; counter[2]|clk               ;
; 0.341  ; 0.341        ; 0.000          ; Low Pulse Width  ; Clk_in ; Rise       ; odd|clk                      ;
; 0.348  ; 0.348        ; 0.000          ; Low Pulse Width  ; Clk_in ; Rise       ; Clk_in~inputclkctrl|inclk[0] ;
; 0.348  ; 0.348        ; 0.000          ; Low Pulse Width  ; Clk_in ; Rise       ; Clk_in~inputclkctrl|outclk   ;
; 0.419  ; 0.635        ; 0.216          ; High Pulse Width ; Clk_in ; Rise       ; D_bit                        ;
; 0.419  ; 0.635        ; 0.216          ; High Pulse Width ; Clk_in ; Rise       ; FS_reg                       ;
; 0.419  ; 0.635        ; 0.216          ; High Pulse Width ; Clk_in ; Rise       ; counter[0]                   ;
; 0.419  ; 0.635        ; 0.216          ; High Pulse Width ; Clk_in ; Rise       ; counter[1]                   ;
; 0.419  ; 0.635        ; 0.216          ; High Pulse Width ; Clk_in ; Rise       ; counter[2]                   ;
; 0.419  ; 0.635        ; 0.216          ; High Pulse Width ; Clk_in ; Rise       ; odd                          ;
; 0.500  ; 0.500        ; 0.000          ; High Pulse Width ; Clk_in ; Rise       ; Clk_in~input|i               ;
; 0.500  ; 0.500        ; 0.000          ; Low Pulse Width  ; Clk_in ; Rise       ; Clk_in~input|i               ;
; 0.651  ; 0.651        ; 0.000          ; High Pulse Width ; Clk_in ; Rise       ; Clk_in~inputclkctrl|inclk[0] ;
; 0.651  ; 0.651        ; 0.000          ; High Pulse Width ; Clk_in ; Rise       ; Clk_in~inputclkctrl|outclk   ;
; 0.659  ; 0.659        ; 0.000          ; High Pulse Width ; Clk_in ; Rise       ; D_bit|clk                    ;
; 0.659  ; 0.659        ; 0.000          ; High Pulse Width ; Clk_in ; Rise       ; FS_reg|clk                   ;
; 0.659  ; 0.659        ; 0.000          ; High Pulse Width ; Clk_in ; Rise       ; counter[0]|clk               ;
; 0.659  ; 0.659        ; 0.000          ; High Pulse Width ; Clk_in ; Rise       ; counter[1]|clk               ;
; 0.659  ; 0.659        ; 0.000          ; High Pulse Width ; Clk_in ; Rise       ; counter[2]|clk               ;
; 0.659  ; 0.659        ; 0.000          ; High Pulse Width ; Clk_in ; Rise       ; odd|clk                      ;
; 0.661  ; 0.661        ; 0.000          ; High Pulse Width ; Clk_in ; Rise       ; Clk_in~input|o               ;
+--------+--------------+----------------+------------------+--------+------------+------------------------------+


+-----------------------------------------------------------------------+
; Setup Times                                                           ;
+-----------+------------+-------+-------+------------+-----------------+
; Data Port ; Clock Port ; Rise  ; Fall  ; Clock Edge ; Clock Reference ;
+-----------+------------+-------+-------+------------+-----------------+
; Din[*]    ; Clk_in     ; 2.086 ; 2.381 ; Rise       ; Clk_in          ;
;  Din[0]   ; Clk_in     ; 1.945 ; 2.312 ; Rise       ; Clk_in          ;
;  Din[1]   ; Clk_in     ; 1.594 ; 1.973 ; Rise       ; Clk_in          ;
;  Din[2]   ; Clk_in     ; 1.390 ; 1.782 ; Rise       ; Clk_in          ;
;  Din[3]   ; Clk_in     ; 1.537 ; 1.904 ; Rise       ; Clk_in          ;
;  Din[4]   ; Clk_in     ; 2.086 ; 2.381 ; Rise       ; Clk_in          ;
;  Din[5]   ; Clk_in     ; 1.930 ; 2.292 ; Rise       ; Clk_in          ;
; Start     ; Clk_in     ; 1.510 ; 1.845 ; Rise       ; Clk_in          ;
+-----------+------------+-------+-------+------------+-----------------+


+-------------------------------------------------------------------------+
; Hold Times                                                              ;
+-----------+------------+--------+--------+------------+-----------------+
; Data Port ; Clock Port ; Rise   ; Fall   ; Clock Edge ; Clock Reference ;
+-----------+------------+--------+--------+------------+-----------------+
; Din[*]    ; Clk_in     ; -1.038 ; -1.402 ; Rise       ; Clk_in          ;
;  Din[0]   ; Clk_in     ; -1.564 ; -1.920 ; Rise       ; Clk_in          ;
;  Din[1]   ; Clk_in     ; -1.223 ; -1.592 ; Rise       ; Clk_in          ;
;  Din[2]   ; Clk_in     ; -1.038 ; -1.402 ; Rise       ; Clk_in          ;
;  Din[3]   ; Clk_in     ; -1.176 ; -1.519 ; Rise       ; Clk_in          ;
;  Din[4]   ; Clk_in     ; -1.302 ; -1.605 ; Rise       ; Clk_in          ;
;  Din[5]   ; Clk_in     ; -1.097 ; -1.428 ; Rise       ; Clk_in          ;
; Start     ; Clk_in     ; -0.798 ; -1.129 ; Rise       ; Clk_in          ;
+-----------+------------+--------+--------+------------+-----------------+


+-----------------------------------------------------------------------+
; Clock to Output Times                                                 ;
+-----------+------------+-------+-------+------------+-----------------+
; Data Port ; Clock Port ; Rise  ; Fall  ; Clock Edge ; Clock Reference ;
+-----------+------------+-------+-------+------------+-----------------+
; Clk_out   ; Clk_in     ; 3.504 ; 3.700 ; Rise       ; Clk_in          ;
; D         ; Clk_in     ; 4.949 ; 4.906 ; Rise       ; Clk_in          ;
; FS        ; Clk_in     ; 5.042 ; 5.003 ; Rise       ; Clk_in          ;
; Clk_out   ; Clk_in     ; 3.504 ; 3.700 ; Fall       ; Clk_in          ;
+-----------+------------+-------+-------+------------+-----------------+


+-----------------------------------------------------------------------+
; Minimum Clock to Output Times                                         ;
+-----------+------------+-------+-------+------------+-----------------+
; Data Port ; Clock Port ; Rise  ; Fall  ; Clock Edge ; Clock Reference ;
+-----------+------------+-------+-------+------------+-----------------+
; Clk_out   ; Clk_in     ; 3.484 ; 3.678 ; Rise       ; Clk_in          ;
; D         ; Clk_in     ; 4.857 ; 4.814 ; Rise       ; Clk_in          ;
; FS        ; Clk_in     ; 4.950 ; 4.910 ; Rise       ; Clk_in          ;
; Clk_out   ; Clk_in     ; 3.484 ; 3.678 ; Fall       ; Clk_in          ;
+-----------+------------+-------+-------+------------+-----------------+


---------------------------------------------
; Slow 1200mV 0C Model Metastability Report ;
---------------------------------------------
No synchronizer chains to report.


+------------------------------------+
; Fast 1200mV 0C Model Setup Summary ;
+--------+--------+------------------+
; Clock  ; Slack  ; End Point TNS    ;
+--------+--------+------------------+
; Clk_in ; -0.302 ; -0.513           ;
+--------+--------+------------------+


+-----------------------------------+
; Fast 1200mV 0C Model Hold Summary ;
+--------+-------+------------------+
; Clock  ; Slack ; End Point TNS    ;
+--------+-------+------------------+
; Clk_in ; 0.187 ; 0.000            ;
+--------+-------+------------------+


-----------------------------------------
; Fast 1200mV 0C Model Recovery Summary ;
-----------------------------------------
No paths to report.


----------------------------------------
; Fast 1200mV 0C Model Removal Summary ;
----------------------------------------
No paths to report.


+--------------------------------------------------+
; Fast 1200mV 0C Model Minimum Pulse Width Summary ;
+--------+--------+--------------------------------+
; Clock  ; Slack  ; End Point TNS                  ;
+--------+--------+--------------------------------+
; Clk_in ; -3.000 ; -9.336                         ;
+--------+--------+--------------------------------+


+--------------------------------------------------------------------------------------------------------+
; Fast 1200mV 0C Model Setup: 'Clk_in'                                                                   ;
+--------+------------+------------+--------------+-------------+--------------+------------+------------+
; Slack  ; From Node  ; To Node    ; Launch Clock ; Latch Clock ; Relationship ; Clock Skew ; Data Delay ;
+--------+------------+------------+--------------+-------------+--------------+------------+------------+
; -0.302 ; counter[2] ; odd        ; Clk_in       ; Clk_in      ; 1.000        ; -0.036     ; 1.253      ;
; -0.299 ; counter[1] ; odd        ; Clk_in       ; Clk_in      ; 1.000        ; -0.036     ; 1.250      ;
; -0.211 ; counter[2] ; D_bit      ; Clk_in       ; Clk_in      ; 1.000        ; -0.036     ; 1.162      ;
; -0.198 ; counter[1] ; D_bit      ; Clk_in       ; Clk_in      ; 1.000        ; -0.036     ; 1.149      ;
; -0.176 ; odd        ; D_bit      ; Clk_in       ; Clk_in      ; 1.000        ; -0.036     ; 1.127      ;
; -0.174 ; counter[0] ; D_bit      ; Clk_in       ; Clk_in      ; 1.000        ; -0.036     ; 1.125      ;
; -0.149 ; counter[0] ; odd        ; Clk_in       ; Clk_in      ; 1.000        ; -0.036     ; 1.100      ;
; -0.118 ; odd        ; odd        ; Clk_in       ; Clk_in      ; 1.000        ; -0.036     ; 1.069      ;
; 0.061  ; counter[2] ; counter[0] ; Clk_in       ; Clk_in      ; 1.000        ; -0.036     ; 0.890      ;
; 0.064  ; counter[1] ; counter[0] ; Clk_in       ; Clk_in      ; 1.000        ; -0.036     ; 0.887      ;
; 0.243  ; counter[0] ; counter[0] ; Clk_in       ; Clk_in      ; 1.000        ; -0.036     ; 0.708      ;
; 0.265  ; counter[0] ; counter[2] ; Clk_in       ; Clk_in      ; 1.000        ; -0.036     ; 0.686      ;
; 0.266  ; counter[0] ; counter[1] ; Clk_in       ; Clk_in      ; 1.000        ; -0.036     ; 0.685      ;
; 0.332  ; counter[1] ; counter[2] ; Clk_in       ; Clk_in      ; 1.000        ; -0.036     ; 0.619      ;
; 0.592  ; counter[1] ; counter[1] ; Clk_in       ; Clk_in      ; 1.000        ; -0.036     ; 0.359      ;
; 0.592  ; counter[2] ; counter[2] ; Clk_in       ; Clk_in      ; 1.000        ; -0.036     ; 0.359      ;
+--------+------------+------------+--------------+-------------+--------------+------------+------------+


+-------------------------------------------------------------------------------------------------------+
; Fast 1200mV 0C Model Hold: 'Clk_in'                                                                   ;
+-------+------------+------------+--------------+-------------+--------------+------------+------------+
; Slack ; From Node  ; To Node    ; Launch Clock ; Latch Clock ; Relationship ; Clock Skew ; Data Delay ;
+-------+------------+------------+--------------+-------------+--------------+------------+------------+
; 0.187 ; counter[1] ; counter[1] ; Clk_in       ; Clk_in      ; 0.000        ; 0.036      ; 0.307      ;
; 0.187 ; counter[2] ; counter[2] ; Clk_in       ; Clk_in      ; 0.000        ; 0.036      ; 0.307      ;
; 0.389 ; counter[1] ; counter[2] ; Clk_in       ; Clk_in      ; 0.000        ; 0.036      ; 0.509      ;
; 0.450 ; counter[0] ; counter[1] ; Clk_in       ; Clk_in      ; 0.000        ; 0.036      ; 0.570      ;
; 0.454 ; counter[0] ; counter[2] ; Clk_in       ; Clk_in      ; 0.000        ; 0.036      ; 0.574      ;
; 0.470 ; counter[2] ; D_bit      ; Clk_in       ; Clk_in      ; 0.000        ; 0.036      ; 0.590      ;
; 0.480 ; counter[2] ; odd        ; Clk_in       ; Clk_in      ; 0.000        ; 0.036      ; 0.600      ;
; 0.540 ; counter[0] ; odd        ; Clk_in       ; Clk_in      ; 0.000        ; 0.036      ; 0.660      ;
; 0.547 ; counter[0] ; counter[0] ; Clk_in       ; Clk_in      ; 0.000        ; 0.036      ; 0.667      ;
; 0.549 ; counter[1] ; odd        ; Clk_in       ; Clk_in      ; 0.000        ; 0.036      ; 0.669      ;
; 0.593 ; counter[1] ; D_bit      ; Clk_in       ; Clk_in      ; 0.000        ; 0.036      ; 0.713      ;
; 0.603 ; counter[0] ; D_bit      ; Clk_in       ; Clk_in      ; 0.000        ; 0.036      ; 0.723      ;
; 0.622 ; odd        ; D_bit      ; Clk_in       ; Clk_in      ; 0.000        ; 0.036      ; 0.742      ;
; 0.636 ; counter[2] ; counter[0] ; Clk_in       ; Clk_in      ; 0.000        ; 0.036      ; 0.756      ;
; 0.638 ; counter[1] ; counter[0] ; Clk_in       ; Clk_in      ; 0.000        ; 0.036      ; 0.758      ;
; 0.721 ; odd        ; odd        ; Clk_in       ; Clk_in      ; 0.000        ; 0.036      ; 0.841      ;
+-------+------------+------------+--------------+-------------+--------------+------------+------------+


+----------------------------------------------------------------------------------------------------------------+
; Fast 1200mV 0C Model Minimum Pulse Width: 'Clk_in'                                                             ;
+--------+--------------+----------------+------------------+--------+------------+------------------------------+
; Slack  ; Actual Width ; Required Width ; Type             ; Clock  ; Clock Edge ; Target                       ;
+--------+--------------+----------------+------------------+--------+------------+------------------------------+
; -3.000 ; 1.000        ; 4.000          ; Port Rate        ; Clk_in ; Rise       ; Clk_in                       ;
; -1.000 ; 1.000        ; 2.000          ; Min Period       ; Clk_in ; Rise       ; D_bit                        ;
; -1.000 ; 1.000        ; 2.000          ; Min Period       ; Clk_in ; Rise       ; FS_reg                       ;
; -1.000 ; 1.000        ; 2.000          ; Min Period       ; Clk_in ; Rise       ; counter[0]                   ;
; -1.000 ; 1.000        ; 2.000          ; Min Period       ; Clk_in ; Rise       ; counter[1]                   ;
; -1.000 ; 1.000        ; 2.000          ; Min Period       ; Clk_in ; Rise       ; counter[2]                   ;
; -1.000 ; 1.000        ; 2.000          ; Min Period       ; Clk_in ; Rise       ; odd                          ;
; -0.056 ; 0.128        ; 0.184          ; Low Pulse Width  ; Clk_in ; Rise       ; D_bit                        ;
; -0.056 ; 0.128        ; 0.184          ; Low Pulse Width  ; Clk_in ; Rise       ; FS_reg                       ;
; -0.056 ; 0.128        ; 0.184          ; Low Pulse Width  ; Clk_in ; Rise       ; counter[0]                   ;
; -0.056 ; 0.128        ; 0.184          ; Low Pulse Width  ; Clk_in ; Rise       ; counter[1]                   ;
; -0.056 ; 0.128        ; 0.184          ; Low Pulse Width  ; Clk_in ; Rise       ; counter[2]                   ;
; -0.056 ; 0.128        ; 0.184          ; Low Pulse Width  ; Clk_in ; Rise       ; odd                          ;
; 0.118  ; 0.118        ; 0.000          ; Low Pulse Width  ; Clk_in ; Rise       ; Clk_in~input|o               ;
; 0.123  ; 0.123        ; 0.000          ; Low Pulse Width  ; Clk_in ; Rise       ; D_bit|clk                    ;
; 0.123  ; 0.123        ; 0.000          ; Low Pulse Width  ; Clk_in ; Rise       ; FS_reg|clk                   ;
; 0.123  ; 0.123        ; 0.000          ; Low Pulse Width  ; Clk_in ; Rise       ; counter[0]|clk               ;
; 0.123  ; 0.123        ; 0.000          ; Low Pulse Width  ; Clk_in ; Rise       ; counter[1]|clk               ;
; 0.123  ; 0.123        ; 0.000          ; Low Pulse Width  ; Clk_in ; Rise       ; counter[2]|clk               ;
; 0.123  ; 0.123        ; 0.000          ; Low Pulse Width  ; Clk_in ; Rise       ; odd|clk                      ;
; 0.132  ; 0.132        ; 0.000          ; Low Pulse Width  ; Clk_in ; Rise       ; Clk_in~inputclkctrl|inclk[0] ;
; 0.132  ; 0.132        ; 0.000          ; Low Pulse Width  ; Clk_in ; Rise       ; Clk_in~inputclkctrl|outclk   ;
; 0.500  ; 0.500        ; 0.000          ; High Pulse Width ; Clk_in ; Rise       ; Clk_in~input|i               ;
; 0.500  ; 0.500        ; 0.000          ; Low Pulse Width  ; Clk_in ; Rise       ; Clk_in~input|i               ;
; 0.655  ; 0.871        ; 0.216          ; High Pulse Width ; Clk_in ; Rise       ; D_bit                        ;
; 0.655  ; 0.871        ; 0.216          ; High Pulse Width ; Clk_in ; Rise       ; FS_reg                       ;
; 0.655  ; 0.871        ; 0.216          ; High Pulse Width ; Clk_in ; Rise       ; counter[0]                   ;
; 0.655  ; 0.871        ; 0.216          ; High Pulse Width ; Clk_in ; Rise       ; counter[1]                   ;
; 0.655  ; 0.871        ; 0.216          ; High Pulse Width ; Clk_in ; Rise       ; counter[2]                   ;
; 0.655  ; 0.871        ; 0.216          ; High Pulse Width ; Clk_in ; Rise       ; odd                          ;
; 0.867  ; 0.867        ; 0.000          ; High Pulse Width ; Clk_in ; Rise       ; Clk_in~inputclkctrl|inclk[0] ;
; 0.867  ; 0.867        ; 0.000          ; High Pulse Width ; Clk_in ; Rise       ; Clk_in~inputclkctrl|outclk   ;
; 0.876  ; 0.876        ; 0.000          ; High Pulse Width ; Clk_in ; Rise       ; D_bit|clk                    ;
; 0.876  ; 0.876        ; 0.000          ; High Pulse Width ; Clk_in ; Rise       ; FS_reg|clk                   ;
; 0.876  ; 0.876        ; 0.000          ; High Pulse Width ; Clk_in ; Rise       ; counter[0]|clk               ;
; 0.876  ; 0.876        ; 0.000          ; High Pulse Width ; Clk_in ; Rise       ; counter[1]|clk               ;
; 0.876  ; 0.876        ; 0.000          ; High Pulse Width ; Clk_in ; Rise       ; counter[2]|clk               ;
; 0.876  ; 0.876        ; 0.000          ; High Pulse Width ; Clk_in ; Rise       ; odd|clk                      ;
; 0.882  ; 0.882        ; 0.000          ; High Pulse Width ; Clk_in ; Rise       ; Clk_in~input|o               ;
+--------+--------------+----------------+------------------+--------+------------+------------------------------+


+-----------------------------------------------------------------------+
; Setup Times                                                           ;
+-----------+------------+-------+-------+------------+-----------------+
; Data Port ; Clock Port ; Rise  ; Fall  ; Clock Edge ; Clock Reference ;
+-----------+------------+-------+-------+------------+-----------------+
; Din[*]    ; Clk_in     ; 1.329 ; 1.848 ; Rise       ; Clk_in          ;
;  Din[0]   ; Clk_in     ; 1.241 ; 1.838 ; Rise       ; Clk_in          ;
;  Din[1]   ; Clk_in     ; 1.014 ; 1.592 ; Rise       ; Clk_in          ;
;  Din[2]   ; Clk_in     ; 0.913 ; 1.489 ; Rise       ; Clk_in          ;
;  Din[3]   ; Clk_in     ; 0.988 ; 1.586 ; Rise       ; Clk_in          ;
;  Din[4]   ; Clk_in     ; 1.329 ; 1.848 ; Rise       ; Clk_in          ;
;  Din[5]   ; Clk_in     ; 1.246 ; 1.820 ; Rise       ; Clk_in          ;
; Start     ; Clk_in     ; 0.980 ; 1.538 ; Rise       ; Clk_in          ;
+-----------+------------+-------+-------+------------+-----------------+


+-------------------------------------------------------------------------+
; Hold Times                                                              ;
+-----------+------------+--------+--------+------------+-----------------+
; Data Port ; Clock Port ; Rise   ; Fall   ; Clock Edge ; Clock Reference ;
+-----------+------------+--------+--------+------------+-----------------+
; Din[*]    ; Clk_in     ; -0.685 ; -1.250 ; Rise       ; Clk_in          ;
;  Din[0]   ; Clk_in     ; -0.988 ; -1.576 ; Rise       ; Clk_in          ;
;  Din[1]   ; Clk_in     ; -0.767 ; -1.338 ; Rise       ; Clk_in          ;
;  Din[2]   ; Clk_in     ; -0.685 ; -1.250 ; Rise       ; Clk_in          ;
;  Din[3]   ; Clk_in     ; -0.758 ; -1.337 ; Rise       ; Clk_in          ;
;  Din[4]   ; Clk_in     ; -0.839 ; -1.354 ; Rise       ; Clk_in          ;
;  Din[5]   ; Clk_in     ; -0.699 ; -1.270 ; Rise       ; Clk_in          ;
; Start     ; Clk_in     ; -0.532 ; -1.095 ; Rise       ; Clk_in          ;
+-----------+------------+--------+--------+------------+-----------------+


+-----------------------------------------------------------------------+
; Clock to Output Times                                                 ;
+-----------+------------+-------+-------+------------+-----------------+
; Data Port ; Clock Port ; Rise  ; Fall  ; Clock Edge ; Clock Reference ;
+-----------+------------+-------+-------+------------+-----------------+
; Clk_out   ; Clk_in     ; 2.246 ; 2.591 ; Rise       ; Clk_in          ;
; D         ; Clk_in     ; 3.088 ; 3.122 ; Rise       ; Clk_in          ;
; FS        ; Clk_in     ; 3.142 ; 3.207 ; Rise       ; Clk_in          ;
; Clk_out   ; Clk_in     ; 2.246 ; 2.591 ; Fall       ; Clk_in          ;
+-----------+------------+-------+-------+------------+-----------------+


+-----------------------------------------------------------------------+
; Minimum Clock to Output Times                                         ;
+-----------+------------+-------+-------+------------+-----------------+
; Data Port ; Clock Port ; Rise  ; Fall  ; Clock Edge ; Clock Reference ;
+-----------+------------+-------+-------+------------+-----------------+
; Clk_out   ; Clk_in     ; 2.232 ; 2.578 ; Rise       ; Clk_in          ;
; D         ; Clk_in     ; 3.027 ; 3.059 ; Rise       ; Clk_in          ;
; FS        ; Clk_in     ; 3.081 ; 3.144 ; Rise       ; Clk_in          ;
; Clk_out   ; Clk_in     ; 2.232 ; 2.578 ; Fall       ; Clk_in          ;
+-----------+------------+-------+-------+------------+-----------------+


---------------------------------------------
; Fast 1200mV 0C Model Metastability Report ;
---------------------------------------------
No synchronizer chains to report.


+------------------------------------------------------------------------------+
; Multicorner Timing Analysis Summary                                          ;
+------------------+--------+-------+----------+---------+---------------------+
; Clock            ; Setup  ; Hold  ; Recovery ; Removal ; Minimum Pulse Width ;
+------------------+--------+-------+----------+---------+---------------------+
; Worst-case Slack ; -1.341 ; 0.187 ; N/A      ; N/A     ; -3.000              ;
;  Clk_in          ; -1.341 ; 0.187 ; N/A      ; N/A     ; -3.000              ;
; Design-wide TNS  ; -3.795 ; 0.0   ; 0.0      ; 0.0     ; -9.336              ;
;  Clk_in          ; -3.795 ; 0.000 ; N/A      ; N/A     ; -9.336              ;
+------------------+--------+-------+----------+---------+---------------------+


+-----------------------------------------------------------------------+
; Setup Times                                                           ;
+-----------+------------+-------+-------+------------+-----------------+
; Data Port ; Clock Port ; Rise  ; Fall  ; Clock Edge ; Clock Reference ;
+-----------+------------+-------+-------+------------+-----------------+
; Din[*]    ; Clk_in     ; 2.429 ; 2.777 ; Rise       ; Clk_in          ;
;  Din[0]   ; Clk_in     ; 2.258 ; 2.694 ; Rise       ; Clk_in          ;
;  Din[1]   ; Clk_in     ; 1.879 ; 2.329 ; Rise       ; Clk_in          ;
;  Din[2]   ; Clk_in     ; 1.650 ; 2.105 ; Rise       ; Clk_in          ;
;  Din[3]   ; Clk_in     ; 1.811 ; 2.256 ; Rise       ; Clk_in          ;
;  Din[4]   ; Clk_in     ; 2.429 ; 2.777 ; Rise       ; Clk_in          ;
;  Din[5]   ; Clk_in     ; 2.256 ; 2.691 ; Rise       ; Clk_in          ;
; Start     ; Clk_in     ; 1.774 ; 2.155 ; Rise       ; Clk_in          ;
+-----------+------------+-------+-------+------------+-----------------+


+-------------------------------------------------------------------------+
; Hold Times                                                              ;
+-----------+------------+--------+--------+------------+-----------------+
; Data Port ; Clock Port ; Rise   ; Fall   ; Clock Edge ; Clock Reference ;
+-----------+------------+--------+--------+------------+-----------------+
; Din[*]    ; Clk_in     ; -0.685 ; -1.250 ; Rise       ; Clk_in          ;
;  Din[0]   ; Clk_in     ; -0.988 ; -1.576 ; Rise       ; Clk_in          ;
;  Din[1]   ; Clk_in     ; -0.767 ; -1.338 ; Rise       ; Clk_in          ;
;  Din[2]   ; Clk_in     ; -0.685 ; -1.250 ; Rise       ; Clk_in          ;
;  Din[3]   ; Clk_in     ; -0.758 ; -1.337 ; Rise       ; Clk_in          ;
;  Din[4]   ; Clk_in     ; -0.839 ; -1.354 ; Rise       ; Clk_in          ;
;  Din[5]   ; Clk_in     ; -0.699 ; -1.270 ; Rise       ; Clk_in          ;
; Start     ; Clk_in     ; -0.532 ; -1.095 ; Rise       ; Clk_in          ;
+-----------+------------+--------+--------+------------+-----------------+


+-----------------------------------------------------------------------+
; Clock to Output Times                                                 ;
+-----------+------------+-------+-------+------------+-----------------+
; Data Port ; Clock Port ; Rise  ; Fall  ; Clock Edge ; Clock Reference ;
+-----------+------------+-------+-------+------------+-----------------+
; Clk_out   ; Clk_in     ; 3.571 ; 3.744 ; Rise       ; Clk_in          ;
; D         ; Clk_in     ; 5.197 ; 5.177 ; Rise       ; Clk_in          ;
; FS        ; Clk_in     ; 5.285 ; 5.277 ; Rise       ; Clk_in          ;
; Clk_out   ; Clk_in     ; 3.571 ; 3.744 ; Fall       ; Clk_in          ;
+-----------+------------+-------+-------+------------+-----------------+


+-----------------------------------------------------------------------+
; Minimum Clock to Output Times                                         ;
+-----------+------------+-------+-------+------------+-----------------+
; Data Port ; Clock Port ; Rise  ; Fall  ; Clock Edge ; Clock Reference ;
+-----------+------------+-------+-------+------------+-----------------+
; Clk_out   ; Clk_in     ; 2.232 ; 2.578 ; Rise       ; Clk_in          ;
; D         ; Clk_in     ; 3.027 ; 3.059 ; Rise       ; Clk_in          ;
; FS        ; Clk_in     ; 3.081 ; 3.144 ; Rise       ; Clk_in          ;
; Clk_out   ; Clk_in     ; 2.232 ; 2.578 ; Fall       ; Clk_in          ;
+-----------+------------+-------+-------+------------+-----------------+


+------------------------------------------------------------------------------------------------------------------------------------------------------------------------------------------------------------------------------------------------------------------------------------------------------------------------------------------------------------------------------------------------------------------+
; Board Trace Model Assignments                                                                                                                                                                                                                                                                                                                                                                                    ;
+---------------+--------------+-------------------+-------------------------+-------------------------+---------------+---------------------+----------------+------------------+--------+------------------+------------------------+------------------------+--------------+---------------+-----------------+-------+---------------------+--------------------+---------------+-----------------+-------------+
; Pin           ; I/O Standard ; Near Tline Length ; Near Tline L per Length ; Near Tline C per Length ; Near Series R ; Near Differential R ; Near Pull-up R ; Near Pull-down R ; Near C ; Far Tline Length ; Far Tline L per Length ; Far Tline C per Length ; Far Series R ; Far Pull-up R ; Far Pull-down R ; Far C ; Termination Voltage ; Far Differential R ; EBD File Name ; EBD Signal Name ; EBD Far-end ;
+---------------+--------------+-------------------+-------------------------+-------------------------+---------------+---------------------+----------------+------------------+--------+------------------+------------------------+------------------------+--------------+---------------+-----------------+-------+---------------------+--------------------+---------------+-----------------+-------------+
; Clk_out       ; 2.5 V        ; 0 in              ; 0 H/in                  ; 0 F/in                  ; short         ; -                   ; open           ; open             ; open   ; 0 in             ; 0 H/in                 ; 0 F/in                 ; short        ; open          ; open            ; open  ; 0 V                 ; -                  ; n/a           ; n/a             ; n/a         ;
; D             ; 2.5 V        ; 0 in              ; 0 H/in                  ; 0 F/in                  ; short         ; -                   ; open           ; open             ; open   ; 0 in             ; 0 H/in                 ; 0 F/in                 ; short        ; open          ; open            ; open  ; 0 V                 ; -                  ; n/a           ; n/a             ; n/a         ;
; FS            ; 2.5 V        ; 0 in              ; 0 H/in                  ; 0 F/in                  ; short         ; -                   ; open           ; open             ; open   ; 0 in             ; 0 H/in                 ; 0 F/in                 ; short        ; open          ; open            ; open  ; 0 V                 ; -                  ; n/a           ; n/a             ; n/a         ;
; ~ALTERA_DCLK~ ; 2.5 V        ; 0 in              ; 0 H/in                  ; 0 F/in                  ; short         ; -                   ; open           ; open             ; open   ; 0 in             ; 0 H/in                 ; 0 F/in                 ; short        ; open          ; open            ; open  ; 0 V                 ; -                  ; n/a           ; n/a             ; n/a         ;
; ~ALTERA_nCEO~ ; 2.5 V        ; 0 in              ; 0 H/in                  ; 0 F/in                  ; short         ; -                   ; open           ; open             ; open   ; 0 in             ; 0 H/in                 ; 0 F/in                 ; short        ; open          ; open            ; open  ; 0 V                 ; -                  ; n/a           ; n/a             ; n/a         ;
+---------------+--------------+-------------------+-------------------------+-------------------------+---------------+---------------------+----------------+------------------+--------+------------------+------------------------+------------------------+--------------+---------------+-----------------+-------+---------------------+--------------------+---------------+-----------------+-------------+


+----------------------------------------------------------------------------+
; Input Transition Times                                                     ;
+-------------------------+--------------+-----------------+-----------------+
; Pin                     ; I/O Standard ; 10-90 Rise Time ; 90-10 Fall Time ;
+-------------------------+--------------+-----------------+-----------------+
; Clk_in                  ; 2.5 V        ; 2000 ps         ; 2000 ps         ;
; Din[2]                  ; 2.5 V        ; 2000 ps         ; 2000 ps         ;
; Din[1]                  ; 2.5 V        ; 2000 ps         ; 2000 ps         ;
; Din[0]                  ; 2.5 V        ; 2000 ps         ; 2000 ps         ;
; Din[3]                  ; 2.5 V        ; 2000 ps         ; 2000 ps         ;
; Din[4]                  ; 2.5 V        ; 2000 ps         ; 2000 ps         ;
; Din[5]                  ; 2.5 V        ; 2000 ps         ; 2000 ps         ;
; Start                   ; 2.5 V        ; 2000 ps         ; 2000 ps         ;
; ~ALTERA_ASDO_DATA1~     ; 2.5 V        ; 2000 ps         ; 2000 ps         ;
; ~ALTERA_FLASH_nCE_nCSO~ ; 2.5 V        ; 2000 ps         ; 2000 ps         ;
; ~ALTERA_DATA0~          ; 2.5 V        ; 2000 ps         ; 2000 ps         ;
+-------------------------+--------------+-----------------+-----------------+


+--------------------------------------------------------------------------------------------------------------------------------------------------------------------------------------------------------------------------------------------------------------------------------------------------------------------------------------------------------------------------------------------------------------------------------------------------------------------------------------------------------------------------------------------------------------------------------------------------------------------------------------------------------------------------------------------+
; Slow Corner Signal Integrity Metrics                                                                                                                                                                                                                                                                                                                                                                                                                                                                                                                                                                                                                                                       ;
+---------------+--------------+---------------------+---------------------+------------------------------+------------------------------+---------------------+---------------------+--------------------------------------+--------------------------------------+-----------------------------+-----------------------------+----------------------------+----------------------------+-----------------------------+-----------------------------+--------------------+--------------------+-------------------------------------+-------------------------------------+----------------------------+----------------------------+---------------------------+---------------------------+
; Pin           ; I/O Standard ; Board Delay on Rise ; Board Delay on Fall ; Steady State Voh at FPGA Pin ; Steady State Vol at FPGA Pin ; Voh Max at FPGA Pin ; Vol Min at FPGA Pin ; Ringback Voltage on Rise at FPGA Pin ; Ringback Voltage on Fall at FPGA Pin ; 10-90 Rise Time at FPGA Pin ; 90-10 Fall Time at FPGA Pin ; Monotonic Rise at FPGA Pin ; Monotonic Fall at FPGA Pin ; Steady State Voh at Far-end ; Steady State Vol at Far-end ; Voh Max at Far-end ; Vol Min at Far-end ; Ringback Voltage on Rise at Far-end ; Ringback Voltage on Fall at Far-end ; 10-90 Rise Time at Far-end ; 90-10 Fall Time at Far-end ; Monotonic Rise at Far-end ; Monotonic Fall at Far-end ;
+---------------+--------------+---------------------+---------------------+------------------------------+------------------------------+---------------------+---------------------+--------------------------------------+--------------------------------------+-----------------------------+-----------------------------+----------------------------+----------------------------+-----------------------------+-----------------------------+--------------------+--------------------+-------------------------------------+-------------------------------------+----------------------------+----------------------------+---------------------------+---------------------------+
; Clk_out       ; 2.5 V        ; 0 s                 ; 0 s                 ; 2.32 V                       ; 7.25e-07 V                   ; 2.35 V              ; -0.0111 V           ; 0.113 V                              ; 0.035 V                              ; 7.76e-10 s                  ; 8.04e-10 s                  ; Yes                        ; Yes                        ; 2.32 V                      ; 7.25e-07 V                  ; 2.35 V             ; -0.0111 V          ; 0.113 V                             ; 0.035 V                             ; 7.76e-10 s                 ; 8.04e-10 s                 ; Yes                       ; Yes                       ;
; D             ; 2.5 V        ; 0 s                 ; 0 s                 ; 2.32 V                       ; 1.08e-06 V                   ; 2.36 V              ; -0.0113 V           ; 0.122 V                              ; 0.022 V                              ; 4.5e-10 s                   ; 4.45e-10 s                  ; Yes                        ; Yes                        ; 2.32 V                      ; 1.08e-06 V                  ; 2.36 V             ; -0.0113 V          ; 0.122 V                             ; 0.022 V                             ; 4.5e-10 s                  ; 4.45e-10 s                 ; Yes                       ; Yes                       ;
; FS            ; 2.5 V        ; 0 s                 ; 0 s                 ; 2.32 V                       ; 7.25e-07 V                   ; 2.36 V              ; -0.00946 V          ; 0.111 V                              ; 0.027 V                              ; 6.46e-10 s                  ; 6.2e-10 s                   ; Yes                        ; Yes                        ; 2.32 V                      ; 7.25e-07 V                  ; 2.36 V             ; -0.00946 V         ; 0.111 V                             ; 0.027 V                             ; 6.46e-10 s                 ; 6.2e-10 s                  ; Yes                       ; Yes                       ;
; ~ALTERA_DCLK~ ; 2.5 V        ; 0 s                 ; 0 s                 ; 2.32 V                       ; 5.68e-07 V                   ; 2.35 V              ; -0.0132 V           ; 0.2 V                                ; 0.027 V                              ; 5.26e-10 s                  ; 4.81e-10 s                  ; Yes                        ; Yes                        ; 2.32 V                      ; 5.68e-07 V                  ; 2.35 V             ; -0.0132 V          ; 0.2 V                               ; 0.027 V                             ; 5.26e-10 s                 ; 4.81e-10 s                 ; Yes                       ; Yes                       ;
; ~ALTERA_nCEO~ ; 2.5 V        ; 0 s                 ; 0 s                 ; 2.32 V                       ; 9.36e-07 V                   ; 2.35 V              ; -0.00444 V          ; 0.18 V                               ; 0.019 V                              ; 7.23e-10 s                  ; 9.82e-10 s                  ; Yes                        ; Yes                        ; 2.32 V                      ; 9.36e-07 V                  ; 2.35 V             ; -0.00444 V         ; 0.18 V                              ; 0.019 V                             ; 7.23e-10 s                 ; 9.82e-10 s                 ; Yes                       ; Yes                       ;
+---------------+--------------+---------------------+---------------------+------------------------------+------------------------------+---------------------+---------------------+--------------------------------------+--------------------------------------+-----------------------------+-----------------------------+----------------------------+----------------------------+-----------------------------+-----------------------------+--------------------+--------------------+-------------------------------------+-------------------------------------+----------------------------+----------------------------+---------------------------+---------------------------+


+--------------------------------------------------------------------------------------------------------------------------------------------------------------------------------------------------------------------------------------------------------------------------------------------------------------------------------------------------------------------------------------------------------------------------------------------------------------------------------------------------------------------------------------------------------------------------------------------------------------------------------------------------------------------------------------------+
; Fast Corner Signal Integrity Metrics                                                                                                                                                                                                                                                                                                                                                                                                                                                                                                                                                                                                                                                       ;
+---------------+--------------+---------------------+---------------------+------------------------------+------------------------------+---------------------+---------------------+--------------------------------------+--------------------------------------+-----------------------------+-----------------------------+----------------------------+----------------------------+-----------------------------+-----------------------------+--------------------+--------------------+-------------------------------------+-------------------------------------+----------------------------+----------------------------+---------------------------+---------------------------+
; Pin           ; I/O Standard ; Board Delay on Rise ; Board Delay on Fall ; Steady State Voh at FPGA Pin ; Steady State Vol at FPGA Pin ; Voh Max at FPGA Pin ; Vol Min at FPGA Pin ; Ringback Voltage on Rise at FPGA Pin ; Ringback Voltage on Fall at FPGA Pin ; 10-90 Rise Time at FPGA Pin ; 90-10 Fall Time at FPGA Pin ; Monotonic Rise at FPGA Pin ; Monotonic Fall at FPGA Pin ; Steady State Voh at Far-end ; Steady State Vol at Far-end ; Voh Max at Far-end ; Vol Min at Far-end ; Ringback Voltage on Rise at Far-end ; Ringback Voltage on Fall at Far-end ; 10-90 Rise Time at Far-end ; 90-10 Fall Time at Far-end ; Monotonic Rise at Far-end ; Monotonic Fall at Far-end ;
+---------------+--------------+---------------------+---------------------+------------------------------+------------------------------+---------------------+---------------------+--------------------------------------+--------------------------------------+-----------------------------+-----------------------------+----------------------------+----------------------------+-----------------------------+-----------------------------+--------------------+--------------------+-------------------------------------+-------------------------------------+----------------------------+----------------------------+---------------------------+---------------------------+
; Clk_out       ; 2.5 V        ; 0 s                 ; 0 s                 ; 2.62 V                       ; 2.78e-08 V                   ; 2.71 V              ; -0.0349 V           ; 0.253 V                              ; 0.069 V                              ; 4.96e-10 s                  ; 5.19e-10 s                  ; No                         ; Yes                        ; 2.62 V                      ; 2.78e-08 V                  ; 2.71 V             ; -0.0349 V          ; 0.253 V                             ; 0.069 V                             ; 4.96e-10 s                 ; 5.19e-10 s                 ; No                        ; Yes                       ;
; D             ; 2.5 V        ; 0 s                 ; 0 s                 ; 2.62 V                       ; 4.11e-08 V                   ; 2.73 V              ; -0.0566 V           ; 0.191 V                              ; 0.12 V                               ; 2.69e-10 s                  ; 2.76e-10 s                  ; Yes                        ; Yes                        ; 2.62 V                      ; 4.11e-08 V                  ; 2.73 V             ; -0.0566 V          ; 0.191 V                             ; 0.12 V                              ; 2.69e-10 s                 ; 2.76e-10 s                 ; Yes                       ; Yes                       ;
; FS            ; 2.5 V        ; 0 s                 ; 0 s                 ; 2.62 V                       ; 2.78e-08 V                   ; 2.72 V              ; -0.0408 V           ; 0.163 V                              ; 0.075 V                              ; 4.51e-10 s                  ; 4.33e-10 s                  ; No                         ; Yes                        ; 2.62 V                      ; 2.78e-08 V                  ; 2.72 V             ; -0.0408 V          ; 0.163 V                             ; 0.075 V                             ; 4.51e-10 s                 ; 4.33e-10 s                 ; No                        ; Yes                       ;
; ~ALTERA_DCLK~ ; 2.5 V        ; 0 s                 ; 0 s                 ; 2.62 V                       ; 2.22e-08 V                   ; 2.72 V              ; -0.0747 V           ; 0.28 V                               ; 0.169 V                              ; 3.1e-10 s                   ; 3.01e-10 s                  ; No                         ; Yes                        ; 2.62 V                      ; 2.22e-08 V                  ; 2.72 V             ; -0.0747 V          ; 0.28 V                              ; 0.169 V                             ; 3.1e-10 s                  ; 3.01e-10 s                 ; No                        ; Yes                       ;
; ~ALTERA_nCEO~ ; 2.5 V        ; 0 s                 ; 0 s                 ; 2.62 V                       ; 3.53e-08 V                   ; 2.7 V               ; -0.0212 V           ; 0.204 V                              ; 0.049 V                              ; 4.85e-10 s                  ; 6.73e-10 s                  ; No                         ; Yes                        ; 2.62 V                      ; 3.53e-08 V                  ; 2.7 V              ; -0.0212 V          ; 0.204 V                             ; 0.049 V                             ; 4.85e-10 s                 ; 6.73e-10 s                 ; No                        ; Yes                       ;
+---------------+--------------+---------------------+---------------------+------------------------------+------------------------------+---------------------+---------------------+--------------------------------------+--------------------------------------+-----------------------------+-----------------------------+----------------------------+----------------------------+-----------------------------+-----------------------------+--------------------+--------------------+-------------------------------------+-------------------------------------+----------------------------+----------------------------+---------------------------+---------------------------+


+-------------------------------------------------------------------+
; Setup Transfers                                                   ;
+------------+----------+----------+----------+----------+----------+
; From Clock ; To Clock ; RR Paths ; FR Paths ; RF Paths ; FF Paths ;
+------------+----------+----------+----------+----------+----------+
; Clk_in     ; Clk_in   ; 45       ; 0        ; 0        ; 0        ;
+------------+----------+----------+----------+----------+----------+
Entries labeled "false path" only account for clock-to-clock false paths and not path-based false paths. As a result, actual path counts may be lower than reported.


+-------------------------------------------------------------------+
; Hold Transfers                                                    ;
+------------+----------+----------+----------+----------+----------+
; From Clock ; To Clock ; RR Paths ; FR Paths ; RF Paths ; FF Paths ;
+------------+----------+----------+----------+----------+----------+
; Clk_in     ; Clk_in   ; 45       ; 0        ; 0        ; 0        ;
+------------+----------+----------+----------+----------+----------+
Entries labeled "false path" only account for clock-to-clock false paths and not path-based false paths. As a result, actual path counts may be lower than reported.


---------------
; Report TCCS ;
---------------
No dedicated SERDES Transmitter circuitry present in device or used in design


---------------
; Report RSKM ;
---------------
No dedicated SERDES Receiver circuitry present in device or used in design


+------------------------------------------------+
; Unconstrained Paths                            ;
+---------------------------------+-------+------+
; Property                        ; Setup ; Hold ;
+---------------------------------+-------+------+
; Illegal Clocks                  ; 0     ; 0    ;
; Unconstrained Clocks            ; 0     ; 0    ;
; Unconstrained Input Ports       ; 8     ; 8    ;
; Unconstrained Input Port Paths  ; 19    ; 19   ;
; Unconstrained Output Ports      ; 3     ; 3    ;
; Unconstrained Output Port Paths ; 3     ; 3    ;
+---------------------------------+-------+------+


+------------------------------------+
; TimeQuest Timing Analyzer Messages ;
+------------------------------------+
Info: *******************************************************************
Info: Running Quartus II 64-Bit TimeQuest Timing Analyzer
    Info: Version 12.1 Build 243 01/31/2013 Service Pack 1 SJ Web Edition
    Info: Processing started: Wed Sep 25 22:24:13 2019
Info: Command: quartus_sta sync_transmit -c sync_transmit
Info: qsta_default_script.tcl version: #1
Warning (20028): Parallel compilation is not licensed and has been disabled
Info (21077): Core supply voltage is 1.2V
Info (21077): Low junction temperature is 0 degrees C
Info (21077): High junction temperature is 85 degrees C
Critical Warning (332012): Synopsys Design Constraints File file not found: 'sync_transmit.sdc'. A Synopsys Design Constraints File is required by the TimeQuest Timing Analyzer to get proper timing constraints. Without it, the Compiler will not properly optimize the design.
Info (332142): No user constrained base clocks found in the design. Calling "derive_clocks -period 1.0"
Info (332105): Deriving Clocks
    Info (332105): create_clock -period 1.000 -name Clk_in Clk_in
Info (332143): No user constrained clock uncertainty found in the design. Calling "derive_clock_uncertainty"
Info (332123): Deriving Clock Uncertainty. Please refer to report_sdc in TimeQuest to see clock uncertainties.
Info: Found TIMEQUEST_REPORT_SCRIPT_INCLUDE_DEFAULT_ANALYSIS = ON
Info: Analyzing Slow 1200mV 85C Model
Critical Warning (332148): Timing requirements not met
    Info (11105): For details on closing timing, run Report Timing Closure Recommendations in the TimeQuest Timing Analyzer.
Info (332146): Worst-case setup slack is -1.341
    Info (332119):     Slack End Point TNS Clock 
    Info (332119): ========= ============= =====================
    Info (332119):    -1.341        -3.795 Clk_in 
Info (332146): Worst-case hold slack is 0.359
    Info (332119):     Slack End Point TNS Clock 
    Info (332119): ========= ============= =====================
    Info (332119):     0.359         0.000 Clk_in 
Info (332140): No Recovery paths to report
Info (332140): No Removal paths to report
Info (332146): Worst-case minimum pulse width slack is -3.000
    Info (332119):     Slack End Point TNS Clock 
    Info (332119): ========= ============= =====================
    Info (332119):    -3.000        -9.000 Clk_in 
Info: Analyzing Slow 1200mV 0C Model
Info (334003): Started post-fitting delay annotation
Info (334004): Delay annotation completed successfully
Info (332123): Deriving Clock Uncertainty. Please refer to report_sdc in TimeQuest to see clock uncertainties.
Critical Warning (332148): Timing requirements not met
    Info (11105): For details on closing timing, run Report Timing Closure Recommendations in the TimeQuest Timing Analyzer.
Info (332146): Worst-case setup slack is -1.090
    Info (332119):     Slack End Point TNS Clock 
    Info (332119): ========= ============= =====================
    Info (332119):    -1.090        -2.863 Clk_in 
Info (332146): Worst-case hold slack is 0.313
    Info (332119):     Slack End Point TNS Clock 
    Info (332119): ========= ============= =====================
    Info (332119):     0.313         0.000 Clk_in 
Info (332140): No Recovery paths to report
Info (332140): No Removal paths to report
Info (332146): Worst-case minimum pulse width slack is -3.000
    Info (332119):     Slack End Point TNS Clock 
    Info (332119): ========= ============= =====================
    Info (332119):    -3.000        -9.000 Clk_in 
Info: Analyzing Fast 1200mV 0C Model
Info (332123): Deriving Clock Uncertainty. Please refer to report_sdc in TimeQuest to see clock uncertainties.
Critical Warning (332148): Timing requirements not met
    Info (11105): For details on closing timing, run Report Timing Closure Recommendations in the TimeQuest Timing Analyzer.
Info (332146): Worst-case setup slack is -0.302
    Info (332119):     Slack End Point TNS Clock 
    Info (332119): ========= ============= =====================
    Info (332119):    -0.302        -0.513 Clk_in 
Info (332146): Worst-case hold slack is 0.187
    Info (332119):     Slack End Point TNS Clock 
    Info (332119): ========= ============= =====================
    Info (332119):     0.187         0.000 Clk_in 
Info (332140): No Recovery paths to report
Info (332140): No Removal paths to report
Info (332146): Worst-case minimum pulse width slack is -3.000
    Info (332119):     Slack End Point TNS Clock 
    Info (332119): ========= ============= =====================
    Info (332119):    -3.000        -9.336 Clk_in 
Info (332102): Design is not fully constrained for setup requirements
Info (332102): Design is not fully constrained for hold requirements
Info: Quartus II 64-Bit TimeQuest Timing Analyzer was successful. 0 errors, 6 warnings
    Info: Peak virtual memory: 426 megabytes
    Info: Processing ended: Wed Sep 25 22:24:16 2019
    Info: Elapsed time: 00:00:03
    Info: Total CPU time (on all processors): 00:00:01


