EDA Netlist Writer report for labka1gen
Sat Oct 05 13:13:46 2019
Quartus II 64-Bit Version 12.1 Build 243 01/31/2013 Service Pack 1 SJ Web Edition


---------------------
; Table of Contents ;
---------------------
  1. Legal Notice
  2. EDA Netlist Writer Summary
  3. EDA Netlist Writer Messages



----------------
; Legal Notice ;
----------------
Copyright (C) 1991-2012 Altera Corporation
Your use of Altera Corporation's design tools, logic functions 
and other software and tools, and its AMPP partner logic 
functions, and any output files from any of the foregoing 
(including device programming or simulation files), and any 
associated documentation or information are expressly subject 
to the terms and conditions of the Altera Program License 
Subscription Agreement, Altera MegaCore Function License 
Agreement, or other applicable license agreement, including, 
without limitation, that your use is for the sole purpose of 
programming logic devices manufactured by Altera and sold by 
Altera or its authorized distributors.  Please refer to the 
applicable agreement for further details.



+-------------------------------------------------------------------+
; EDA Netlist Writer Summary                                        ;
+---------------------------+---------------------------------------+
; EDA Netlist Writer Status ; Successful - Sat Oct 05 13:13:46 2019 ;
; Revision Name             ; labka1gen                             ;
; Top-level Entity Name     ; labka1gen                             ;
; Family                    ; Cyclone III                           ;
+---------------------------+---------------------------------------+


+-----------------------------+
; EDA Netlist Writer Messages ;
+-----------------------------+
Info: *******************************************************************
Info: Running Quartus II 64-Bit EDA Netlist Writer
    Info: Version 12.1 Build 243 01/31/2013 Service Pack 1 SJ Web Edition
    Info: Processing started: Sat Oct 05 13:13:43 2019
Info: Command: quartus_eda --read_settings_files=on --write_settings_files=off labka1gen -c labka1gen --gen_testbench
Info (201002): Generated VHDL Test Bench File E:/study/Labs/Components/labka1gen/simulation/modelsim/labka1gen.vht for simulation
Info: Quartus II 64-Bit EDA Netlist Writer was successful. 0 errors, 1 warning
    Info: Peak virtual memory: 377 megabytes
    Info: Processing ended: Sat Oct 05 13:13:46 2019
    Info: Elapsed time: 00:00:03
    Info: Total CPU time (on all processors): 00:00:01


