Analysis & Synthesis report for lab42
Mon Dec 09 03:31:38 2019
Quartus II 64-Bit Version 12.1 Build 243 01/31/2013 Service Pack 1 SJ Web Edition


---------------------
; Table of Contents ;
---------------------
  1. Legal Notice
  2. Analysis & Synthesis Summary
  3. Analysis & Synthesis Settings
  4. Parallel Compilation
  5. Analysis & Synthesis Source Files Read
  6. Analysis & Synthesis Resource Usage Summary
  7. Analysis & Synthesis Resource Utilization by Entity
  8. Registers Removed During Synthesis
  9. Removed Registers Triggering Further Register Optimizations
 10. General Register Statistics
 11. Parameter Settings for User Entity Instance: Top-level Entity: |lab42
 12. Elapsed Time Per Partition
 13. Analysis & Synthesis Messages



----------------
; Legal Notice ;
----------------
Copyright (C) 1991-2012 Altera Corporation
Your use of Altera Corporation's design tools, logic functions 
and other software and tools, and its AMPP partner logic 
functions, and any output files from any of the foregoing 
(including device programming or simulation files), and any 
associated documentation or information are expressly subject 
to the terms and conditions of the Altera Program License 
Subscription Agreement, Altera MegaCore Function License 
Agreement, or other applicable license agreement, including, 
without limitation, that your use is for the sole purpose of 
programming logic devices manufactured by Altera and sold by 
Altera or its authorized distributors.  Please refer to the 
applicable agreement for further details.



+------------------------------------------------------------------------------------+
; Analysis & Synthesis Summary                                                       ;
+------------------------------------+-----------------------------------------------+
; Analysis & Synthesis Status        ; Successful - Mon Dec 09 03:31:38 2019         ;
; Quartus II 64-Bit Version          ; 12.1 Build 243 01/31/2013 SP 1 SJ Web Edition ;
; Revision Name                      ; lab42                                         ;
; Top-level Entity Name              ; lab42                                         ;
; Family                             ; Cyclone III                                   ;
; Total logic elements               ; 1                                             ;
;     Total combinational functions  ; 0                                             ;
;     Dedicated logic registers      ; 1                                             ;
; Total registers                    ; 1                                             ;
; Total pins                         ; 22                                            ;
; Total virtual pins                 ; 0                                             ;
; Total memory bits                  ; 0                                             ;
; Embedded Multiplier 9-bit elements ; 0                                             ;
; Total PLLs                         ; 0                                             ;
+------------------------------------+-----------------------------------------------+


+----------------------------------------------------------------------------------------------------------------------+
; Analysis & Synthesis Settings                                                                                        ;
+----------------------------------------------------------------------------+--------------------+--------------------+
; Option                                                                     ; Setting            ; Default Value      ;
+----------------------------------------------------------------------------+--------------------+--------------------+
; Device                                                                     ; EP3C16F484C6       ;                    ;
; Top-level entity name                                                      ; lab42              ; lab42              ;
; Family name                                                                ; Cyclone III        ; Cyclone IV GX      ;
; Use smart compilation                                                      ; Off                ; Off                ;
; Enable parallel Assembler and TimeQuest Timing Analyzer during compilation ; On                 ; On                 ;
; Enable compact report table                                                ; Off                ; Off                ;
; Restructure Multiplexers                                                   ; Auto               ; Auto               ;
; Create Debugging Nodes for IP Cores                                        ; Off                ; Off                ;
; Preserve fewer node names                                                  ; On                 ; On                 ;
; Disable OpenCore Plus hardware evaluation                                  ; Off                ; Off                ;
; Verilog Version                                                            ; Verilog_2001       ; Verilog_2001       ;
; VHDL Version                                                               ; VHDL_1993          ; VHDL_1993          ;
; State Machine Processing                                                   ; Auto               ; Auto               ;
; Safe State Machine                                                         ; Off                ; Off                ;
; Extract Verilog State Machines                                             ; On                 ; On                 ;
; Extract VHDL State Machines                                                ; On                 ; On                 ;
; Ignore Verilog initial constructs                                          ; Off                ; Off                ;
; Iteration limit for constant Verilog loops                                 ; 5000               ; 5000               ;
; Iteration limit for non-constant Verilog loops                             ; 250                ; 250                ;
; Add Pass-Through Logic to Inferred RAMs                                    ; On                 ; On                 ;
; Infer RAMs from Raw Logic                                                  ; On                 ; On                 ;
; Parallel Synthesis                                                         ; On                 ; On                 ;
; DSP Block Balancing                                                        ; Auto               ; Auto               ;
; NOT Gate Push-Back                                                         ; On                 ; On                 ;
; Power-Up Don't Care                                                        ; On                 ; On                 ;
; Remove Redundant Logic Cells                                               ; Off                ; Off                ;
; Remove Duplicate Registers                                                 ; On                 ; On                 ;
; Ignore CARRY Buffers                                                       ; Off                ; Off                ;
; Ignore CASCADE Buffers                                                     ; Off                ; Off                ;
; Ignore GLOBAL Buffers                                                      ; Off                ; Off                ;
; Ignore ROW GLOBAL Buffers                                                  ; Off                ; Off                ;
; Ignore LCELL Buffers                                                       ; Off                ; Off                ;
; Ignore SOFT Buffers                                                        ; On                 ; On                 ;
; Limit AHDL Integers to 32 Bits                                             ; Off                ; Off                ;
; Optimization Technique                                                     ; Balanced           ; Balanced           ;
; Carry Chain Length                                                         ; 70                 ; 70                 ;
; Auto Carry Chains                                                          ; On                 ; On                 ;
; Auto Open-Drain Pins                                                       ; On                 ; On                 ;
; Perform WYSIWYG Primitive Resynthesis                                      ; Off                ; Off                ;
; Auto ROM Replacement                                                       ; On                 ; On                 ;
; Auto RAM Replacement                                                       ; On                 ; On                 ;
; Auto DSP Block Replacement                                                 ; On                 ; On                 ;
; Auto Shift Register Replacement                                            ; Auto               ; Auto               ;
; Allow Shift Register Merging across Hierarchies                            ; Auto               ; Auto               ;
; Auto Clock Enable Replacement                                              ; On                 ; On                 ;
; Strict RAM Replacement                                                     ; Off                ; Off                ;
; Allow Synchronous Control Signals                                          ; On                 ; On                 ;
; Force Use of Synchronous Clear Signals                                     ; Off                ; Off                ;
; Auto RAM Block Balancing                                                   ; On                 ; On                 ;
; Auto RAM to Logic Cell Conversion                                          ; Off                ; Off                ;
; Auto Resource Sharing                                                      ; Off                ; Off                ;
; Allow Any RAM Size For Recognition                                         ; Off                ; Off                ;
; Allow Any ROM Size For Recognition                                         ; Off                ; Off                ;
; Allow Any Shift Register Size For Recognition                              ; Off                ; Off                ;
; Use LogicLock Constraints during Resource Balancing                        ; On                 ; On                 ;
; Ignore translate_off and synthesis_off directives                          ; Off                ; Off                ;
; Timing-Driven Synthesis                                                    ; On                 ; On                 ;
; Report Parameter Settings                                                  ; On                 ; On                 ;
; Report Source Assignments                                                  ; On                 ; On                 ;
; Report Connectivity Checks                                                 ; On                 ; On                 ;
; Ignore Maximum Fan-Out Assignments                                         ; Off                ; Off                ;
; Synchronization Register Chain Length                                      ; 2                  ; 2                  ;
; PowerPlay Power Optimization                                               ; Normal compilation ; Normal compilation ;
; HDL message level                                                          ; Level2             ; Level2             ;
; Suppress Register Optimization Related Messages                            ; Off                ; Off                ;
; Number of Removed Registers Reported in Synthesis Report                   ; 5000               ; 5000               ;
; Number of Swept Nodes Reported in Synthesis Report                         ; 5000               ; 5000               ;
; Number of Inverted Registers Reported in Synthesis Report                  ; 100                ; 100                ;
; Clock MUX Protection                                                       ; On                 ; On                 ;
; Auto Gated Clock Conversion                                                ; Off                ; Off                ;
; Block Design Naming                                                        ; Auto               ; Auto               ;
; SDC constraint protection                                                  ; Off                ; Off                ;
; Synthesis Effort                                                           ; Auto               ; Auto               ;
; Shift Register Replacement - Allow Asynchronous Clear Signal               ; On                 ; On                 ;
; Pre-Mapping Resynthesis Optimization                                       ; Off                ; Off                ;
; Analysis & Synthesis Message Level                                         ; Medium             ; Medium             ;
; Disable Register Merging Across Hierarchies                                ; Auto               ; Auto               ;
; Resource Aware Inference For Block RAM                                     ; On                 ; On                 ;
; Synthesis Seed                                                             ; 1                  ; 1                  ;
+----------------------------------------------------------------------------+--------------------+--------------------+


Parallel compilation was disabled, but you have multiple processors available. Enable parallel compilation to reduce compilation time.
+-------------------------------------+
; Parallel Compilation                ;
+----------------------------+--------+
; Processors                 ; Number ;
+----------------------------+--------+
; Number detected on machine ; 8      ;
; Maximum allowed            ; 1      ;
+----------------------------+--------+


+--------------------------------------------------------------------------------------------------------------------------------------+
; Analysis & Synthesis Source Files Read                                                                                               ;
+----------------------------------+-----------------+------------------------+----------------------------------------------+---------+
; File Name with User-Entered Path ; Used in Netlist ; File Type              ; File Name with Absolute Path                 ; Library ;
+----------------------------------+-----------------+------------------------+----------------------------------------------+---------+
; lab42.v                          ; yes             ; User Verilog HDL File  ; E:/study/Labs/Components/lab4/lab4-2/lab42.v ;         ;
+----------------------------------+-----------------+------------------------+----------------------------------------------+---------+


+-----------------------------------------------------+
; Analysis & Synthesis Resource Usage Summary         ;
+---------------------------------------------+-------+
; Resource                                    ; Usage ;
+---------------------------------------------+-------+
; Estimated Total logic elements              ; 1     ;
;                                             ;       ;
; Total combinational functions               ; 0     ;
; Logic element usage by number of LUT inputs ;       ;
;     -- 4 input functions                    ; 0     ;
;     -- 3 input functions                    ; 0     ;
;     -- <=2 input functions                  ; 0     ;
;                                             ;       ;
; Logic elements by mode                      ;       ;
;     -- normal mode                          ; 0     ;
;     -- arithmetic mode                      ; 0     ;
;                                             ;       ;
; Total registers                             ; 1     ;
;     -- Dedicated logic registers            ; 1     ;
;     -- I/O registers                        ; 0     ;
;                                             ;       ;
; I/O pins                                    ; 22    ;
; Embedded Multiplier 9-bit elements          ; 0     ;
; Maximum fan-out                             ; 1     ;
; Total fan-out                               ; 24    ;
; Average fan-out                             ; 0.53  ;
+---------------------------------------------+-------+


+-----------------------------------------------------------------------------------------------------------------------------------------------------------------------------+
; Analysis & Synthesis Resource Utilization by Entity                                                                                                                         ;
+----------------------------+-------------------+--------------+-------------+--------------+---------+-----------+------+--------------+---------------------+--------------+
; Compilation Hierarchy Node ; LC Combinationals ; LC Registers ; Memory Bits ; DSP Elements ; DSP 9x9 ; DSP 18x18 ; Pins ; Virtual Pins ; Full Hierarchy Name ; Library Name ;
+----------------------------+-------------------+--------------+-------------+--------------+---------+-----------+------+--------------+---------------------+--------------+
; |lab42                     ; 0 (0)             ; 1 (1)        ; 0           ; 0            ; 0       ; 0         ; 22   ; 0            ; |lab42              ;              ;
+----------------------------+-------------------+--------------+-------------+--------------+---------+-----------+------+--------------+---------------------+--------------+
Note: For table entries with two numbers listed, the numbers in parentheses indicate the number of resources of the given type used by the specific entity alone. The numbers listed outside of parentheses indicate the total resources of the given type used by the specific entity and all of its sub-entities in the hierarchy.


+----------------------------------------------------------------------------------+
; Registers Removed During Synthesis                                               ;
+-----------------------------------------+----------------------------------------+
; Register name                           ; Reason for Removal                     ;
+-----------------------------------------+----------------------------------------+
; add                                     ; Stuck at GND due to stuck port data_in ;
; delete                                  ; Stuck at GND due to stuck port data_in ;
; mem[10][8]                              ; Stuck at GND due to stuck port clock   ;
; mem[10][7]                              ; Stuck at GND due to stuck port clock   ;
; mem[10][6]                              ; Stuck at GND due to stuck port clock   ;
; mem[10][5]                              ; Stuck at GND due to stuck port clock   ;
; mem[10][4]                              ; Stuck at GND due to stuck port clock   ;
; mem[10][3]                              ; Stuck at GND due to stuck port clock   ;
; mem[10][2]                              ; Stuck at GND due to stuck port clock   ;
; mem[10][1]                              ; Stuck at GND due to stuck port clock   ;
; mem[10][0]                              ; Stuck at GND due to stuck port clock   ;
; mem[9][8]                               ; Stuck at GND due to stuck port clock   ;
; mem[9][7]                               ; Stuck at GND due to stuck port clock   ;
; mem[9][6]                               ; Stuck at GND due to stuck port clock   ;
; mem[9][5]                               ; Stuck at GND due to stuck port clock   ;
; mem[9][4]                               ; Stuck at GND due to stuck port clock   ;
; mem[9][3]                               ; Stuck at GND due to stuck port clock   ;
; mem[9][2]                               ; Stuck at GND due to stuck port clock   ;
; mem[9][1]                               ; Stuck at GND due to stuck port clock   ;
; mem[9][0]                               ; Stuck at GND due to stuck port clock   ;
; mem[8][8]                               ; Stuck at GND due to stuck port clock   ;
; mem[8][7]                               ; Stuck at GND due to stuck port clock   ;
; mem[8][6]                               ; Stuck at GND due to stuck port clock   ;
; mem[8][5]                               ; Stuck at GND due to stuck port clock   ;
; mem[8][4]                               ; Stuck at GND due to stuck port clock   ;
; mem[8][3]                               ; Stuck at GND due to stuck port clock   ;
; mem[8][2]                               ; Stuck at GND due to stuck port clock   ;
; mem[8][1]                               ; Stuck at GND due to stuck port clock   ;
; mem[8][0]                               ; Stuck at GND due to stuck port clock   ;
; mem[7][8]                               ; Stuck at GND due to stuck port clock   ;
; mem[7][7]                               ; Stuck at GND due to stuck port clock   ;
; mem[7][6]                               ; Stuck at GND due to stuck port clock   ;
; mem[7][5]                               ; Stuck at GND due to stuck port clock   ;
; mem[7][4]                               ; Stuck at GND due to stuck port clock   ;
; mem[7][3]                               ; Stuck at GND due to stuck port clock   ;
; mem[7][2]                               ; Stuck at GND due to stuck port clock   ;
; mem[7][1]                               ; Stuck at GND due to stuck port clock   ;
; mem[7][0]                               ; Stuck at GND due to stuck port clock   ;
; mem[6][8]                               ; Stuck at GND due to stuck port clock   ;
; mem[6][7]                               ; Stuck at GND due to stuck port clock   ;
; mem[6][6]                               ; Stuck at GND due to stuck port clock   ;
; mem[6][5]                               ; Stuck at GND due to stuck port clock   ;
; mem[6][4]                               ; Stuck at GND due to stuck port clock   ;
; mem[6][3]                               ; Stuck at GND due to stuck port clock   ;
; mem[6][2]                               ; Stuck at GND due to stuck port clock   ;
; mem[6][1]                               ; Stuck at GND due to stuck port clock   ;
; mem[6][0]                               ; Stuck at GND due to stuck port clock   ;
; mem[5][8]                               ; Stuck at GND due to stuck port clock   ;
; mem[5][7]                               ; Stuck at GND due to stuck port clock   ;
; mem[5][6]                               ; Stuck at GND due to stuck port clock   ;
; mem[5][5]                               ; Stuck at GND due to stuck port clock   ;
; mem[5][4]                               ; Stuck at GND due to stuck port clock   ;
; mem[5][3]                               ; Stuck at GND due to stuck port clock   ;
; mem[5][2]                               ; Stuck at GND due to stuck port clock   ;
; mem[5][1]                               ; Stuck at GND due to stuck port clock   ;
; mem[5][0]                               ; Stuck at GND due to stuck port clock   ;
; mem[4][8]                               ; Stuck at GND due to stuck port clock   ;
; mem[4][7]                               ; Stuck at GND due to stuck port clock   ;
; mem[4][6]                               ; Stuck at GND due to stuck port clock   ;
; mem[4][5]                               ; Stuck at GND due to stuck port clock   ;
; mem[4][4]                               ; Stuck at GND due to stuck port clock   ;
; mem[4][3]                               ; Stuck at GND due to stuck port clock   ;
; mem[4][2]                               ; Stuck at GND due to stuck port clock   ;
; mem[4][1]                               ; Stuck at GND due to stuck port clock   ;
; mem[4][0]                               ; Stuck at GND due to stuck port clock   ;
; mem[3][8]                               ; Stuck at GND due to stuck port clock   ;
; mem[3][7]                               ; Stuck at GND due to stuck port clock   ;
; mem[3][6]                               ; Stuck at GND due to stuck port clock   ;
; mem[3][5]                               ; Stuck at GND due to stuck port clock   ;
; mem[3][4]                               ; Stuck at GND due to stuck port clock   ;
; mem[3][3]                               ; Stuck at GND due to stuck port clock   ;
; mem[3][2]                               ; Stuck at GND due to stuck port clock   ;
; mem[3][1]                               ; Stuck at GND due to stuck port clock   ;
; mem[3][0]                               ; Stuck at GND due to stuck port clock   ;
; mem[2][8]                               ; Stuck at GND due to stuck port clock   ;
; mem[2][7]                               ; Stuck at GND due to stuck port clock   ;
; mem[2][6]                               ; Stuck at GND due to stuck port clock   ;
; mem[2][5]                               ; Stuck at GND due to stuck port clock   ;
; mem[2][4]                               ; Stuck at GND due to stuck port clock   ;
; mem[2][3]                               ; Stuck at GND due to stuck port clock   ;
; mem[2][2]                               ; Stuck at GND due to stuck port clock   ;
; mem[2][1]                               ; Stuck at GND due to stuck port clock   ;
; mem[2][0]                               ; Stuck at GND due to stuck port clock   ;
; mem[1][8]                               ; Stuck at GND due to stuck port clock   ;
; mem[1][7]                               ; Stuck at GND due to stuck port clock   ;
; mem[1][6]                               ; Stuck at GND due to stuck port clock   ;
; mem[1][5]                               ; Stuck at GND due to stuck port clock   ;
; mem[1][4]                               ; Stuck at GND due to stuck port clock   ;
; mem[1][3]                               ; Stuck at GND due to stuck port clock   ;
; mem[1][2]                               ; Stuck at GND due to stuck port clock   ;
; mem[1][1]                               ; Stuck at GND due to stuck port clock   ;
; mem[1][0]                               ; Stuck at GND due to stuck port clock   ;
; mem[0][8]                               ; Stuck at GND due to stuck port clock   ;
; mem[0][7]                               ; Stuck at GND due to stuck port clock   ;
; mem[0][6]                               ; Stuck at GND due to stuck port clock   ;
; mem[0][5]                               ; Stuck at GND due to stuck port clock   ;
; mem[0][4]                               ; Stuck at GND due to stuck port clock   ;
; mem[0][3]                               ; Stuck at GND due to stuck port clock   ;
; mem[0][2]                               ; Stuck at GND due to stuck port clock   ;
; mem[0][1]                               ; Stuck at GND due to stuck port clock   ;
; mem[0][0]                               ; Stuck at GND due to stuck port clock   ;
; current_cell[0..3]                      ; Stuck at GND due to stuck port clock   ;
; out_data_in[0..8]                       ; Stuck at GND due to stuck port data_in ;
; full_in                                 ; Stuck at GND due to stuck port data_in ;
; Total Number of Removed Registers = 115 ;                                        ;
+-----------------------------------------+----------------------------------------+


+---------------------------------------------------------------------------------------------------------------------------------------------+
; Removed Registers Triggering Further Register Optimizations                                                                                 ;
+---------------+---------------------------+-------------------------------------------------------------------------------------------------+
; Register name ; Reason for Removal        ; Registers Removed due to This Register                                                          ;
+---------------+---------------------------+-------------------------------------------------------------------------------------------------+
; add           ; Stuck at GND              ; mem[10][8], mem[10][7], mem[10][6], mem[10][5], mem[10][4], mem[10][3], mem[10][2], mem[10][1], ;
;               ; due to stuck port data_in ; mem[10][0], mem[9][8], mem[9][7], mem[9][6], mem[9][5], mem[9][4], mem[9][3], mem[9][2],        ;
;               ;                           ; mem[9][1], mem[9][0], mem[8][8], mem[8][7], mem[8][6], mem[8][5], mem[8][4], mem[8][3],         ;
;               ;                           ; mem[8][2], mem[8][1], mem[8][0], mem[7][8], mem[7][7], mem[7][6], mem[7][5], mem[7][4],         ;
;               ;                           ; mem[7][3], mem[7][2], mem[7][1], mem[7][0], mem[6][8], mem[6][7], mem[6][6], mem[6][5],         ;
;               ;                           ; mem[6][4], mem[6][3], mem[6][2], mem[6][1], mem[6][0], mem[5][8], mem[5][7], mem[5][6],         ;
;               ;                           ; mem[5][5], mem[5][4], mem[5][3], mem[5][2], mem[5][1], mem[5][0], mem[4][8], mem[4][7],         ;
;               ;                           ; mem[4][6], mem[4][5], mem[4][4], mem[4][3], mem[4][2], mem[4][1], mem[4][0], mem[3][8],         ;
;               ;                           ; mem[3][7], mem[3][6], mem[3][5], mem[3][4], mem[3][3], mem[3][2], mem[3][1], mem[3][0],         ;
;               ;                           ; mem[2][8], mem[2][7], mem[2][6], mem[2][5], mem[2][4], mem[2][3], mem[2][2], mem[2][1],         ;
;               ;                           ; mem[2][0], mem[1][8], mem[1][7], mem[1][6], mem[1][5], mem[1][4], mem[1][3], mem[1][2],         ;
;               ;                           ; mem[1][1], mem[1][0], mem[0][8], mem[0][7], mem[0][6], mem[0][5], mem[0][4], mem[0][3],         ;
;               ;                           ; mem[0][2], mem[0][1], mem[0][0], current_cell[2], out_data_in[8], out_data_in[7],               ;
;               ;                           ; out_data_in[6], out_data_in[5], out_data_in[4], out_data_in[3], out_data_in[2],                 ;
;               ;                           ; out_data_in[1], out_data_in[0]                                                                  ;
; delete        ; Stuck at GND              ; current_cell[3], current_cell[1], current_cell[0], full_in                                      ;
;               ; due to stuck port data_in ;                                                                                                 ;
+---------------+---------------------------+-------------------------------------------------------------------------------------------------+


+------------------------------------------------------+
; General Register Statistics                          ;
+----------------------------------------------+-------+
; Statistic                                    ; Value ;
+----------------------------------------------+-------+
; Total registers                              ; 1     ;
; Number of registers using Synchronous Clear  ; 0     ;
; Number of registers using Synchronous Load   ; 0     ;
; Number of registers using Asynchronous Clear ; 0     ;
; Number of registers using Asynchronous Load  ; 0     ;
; Number of registers using Clock Enable       ; 0     ;
; Number of registers using Preset             ; 0     ;
+----------------------------------------------+-------+


+-----------------------------------------------------------------------+
; Parameter Settings for User Entity Instance: Top-level Entity: |lab42 ;
+----------------+-------+----------------------------------------------+
; Parameter Name ; Value ; Type                                         ;
+----------------+-------+----------------------------------------------+
; n              ; 9     ; Signed Integer                               ;
; words          ; 11    ; Signed Integer                               ;
; delay          ; 10    ; Signed Integer                               ;
+----------------+-------+----------------------------------------------+
Note: In order to hide this table in the UI and the text report file, please set the "Show Parameter Settings in Synthesis Report" option in "Analysis and Synthesis Settings -> More Settings" to "Off".


+-------------------------------+
; Elapsed Time Per Partition    ;
+----------------+--------------+
; Partition Name ; Elapsed Time ;
+----------------+--------------+
; Top            ; 00:00:00     ;
+----------------+--------------+


+-------------------------------+
; Analysis & Synthesis Messages ;
+-------------------------------+
Info: *******************************************************************
Info: Running Quartus II 64-Bit Analysis & Synthesis
    Info: Version 12.1 Build 243 01/31/2013 Service Pack 1 SJ Web Edition
    Info: Processing started: Mon Dec 09 03:31:34 2019
Info: Command: quartus_map --read_settings_files=on --write_settings_files=off lab42 -c lab42
Warning (20028): Parallel compilation is not licensed and has been disabled
Info (12021): Found 1 design units, including 1 entities, in source file lab42.v
    Info (12023): Found entity 1: lab42
Info (12127): Elaborating entity "lab42" for the top level hierarchy
Warning (10230): Verilog HDL assignment warning at lab42.v(29): truncated value with size 32 to match size of target (4)
Warning (10230): Verilog HDL assignment warning at lab42.v(31): truncated value with size 32 to match size of target (4)
Warning (10230): Verilog HDL assignment warning at lab42.v(38): truncated value with size 32 to match size of target (4)
Warning (10240): Verilog HDL Always Construct warning at lab42.v(25): inferring latch(es) for variable "i", which holds its previous value in one or more paths through the always construct
Warning (13024): Output pins are stuck at VCC or GND
    Warning (13410): Pin "out_data[0]" is stuck at GND
    Warning (13410): Pin "out_data[1]" is stuck at GND
    Warning (13410): Pin "out_data[2]" is stuck at GND
    Warning (13410): Pin "out_data[3]" is stuck at GND
    Warning (13410): Pin "out_data[4]" is stuck at GND
    Warning (13410): Pin "out_data[5]" is stuck at GND
    Warning (13410): Pin "out_data[6]" is stuck at GND
    Warning (13410): Pin "out_data[7]" is stuck at GND
    Warning (13410): Pin "out_data[8]" is stuck at GND
    Warning (13410): Pin "full" is stuck at GND
Info (286030): Timing-Driven Synthesis is running
Info (16010): Generating hard_block partition "hard_block:auto_generated_inst"
    Info (16011): Adding 0 node(s), including 0 DDIO, 0 PLL, 0 transceiver and 0 LCELL
Warning (21074): Design contains 10 input pin(s) that do not drive logic
    Warning (15610): No output dependent on input pin "write_clk"
    Warning (15610): No output dependent on input pin "in_data[0]"
    Warning (15610): No output dependent on input pin "in_data[1]"
    Warning (15610): No output dependent on input pin "in_data[2]"
    Warning (15610): No output dependent on input pin "in_data[3]"
    Warning (15610): No output dependent on input pin "in_data[4]"
    Warning (15610): No output dependent on input pin "in_data[5]"
    Warning (15610): No output dependent on input pin "in_data[6]"
    Warning (15610): No output dependent on input pin "in_data[7]"
    Warning (15610): No output dependent on input pin "in_data[8]"
Info (21057): Implemented 23 device resources after synthesis - the final resource count might be different
    Info (21058): Implemented 11 input pins
    Info (21059): Implemented 11 output pins
    Info (21061): Implemented 1 logic cells
Info: Quartus II 64-Bit Analysis & Synthesis was successful. 0 errors, 28 warnings
    Info: Peak virtual memory: 434 megabytes
    Info: Processing ended: Mon Dec 09 03:31:38 2019
    Info: Elapsed time: 00:00:04
    Info: Total CPU time (on all processors): 00:00:01


